2017-01-04 17:12:36 INFO  main StreamController:sendMessage:68 - Send message to user. Message: "Enter parameters OR 'exit' to quit program".
2017-01-04 17:12:44 INFO  main StreamController:getMessage:52 - Get message from user. Message: "-c split -p /home/yevgen/IdeaProjects/FileFragmetation/core/src/main/resources/file.bmp -s 1M".
2017-01-04 17:12:45 INFO  main StreamController:sendMessage:68 - Send message to user. Message: "Total progress: 100%, pool-1-thread-1: 100%, pool-1-thread-2: 100%, time remaining: 0.0s.".
2017-01-04 17:12:45 INFO  main StreamController:sendMessage:68 - Send message to user. Message: "Enter parameters OR 'exit' to quit program".
2017-01-04 17:12:50 INFO  main StreamController:getMessage:52 - Get message from user. Message: "-c join -p /home/yevgen/IdeaProjects/FileFragmetation/core/src/main/resources/file.bmp_part_0 -s 1M".
2017-01-04 17:12:51 INFO  main StreamController:sendMessage:68 - Send message to user. Message: "Total progress: 98%, pool-1-thread-1: 100%, pool-1-thread-2: 100%, time remaining: 0.0s.".
2017-01-04 17:12:51 INFO  main StreamController:sendMessage:68 - Send message to user. Message: "Enter parameters OR 'exit' to quit program".
2017-01-04 17:12:55 INFO  main StreamController:getMessage:52 - Get message from user. Message: "-c dfsdf".
2017-01-04 17:12:55 INFO  main StreamController:sendMessage:68 - Send message to user. Message: "Input arguments are incorrect. Command 'dfsdf' is not supported".
2017-01-04 17:12:55 INFO  main StreamController:sendMessage:68 - Send message to user. Message: "Enter parameters OR 'exit' to quit program".
2017-01-04 17:12:58 INFO  main StreamController:getMessage:52 - Get message from user. Message: "dfsdf".
2017-01-04 17:12:58 INFO  main StreamController:sendMessage:68 - Send message to user. Message: "Input arguments are incorrect. Command is not supported. 
Please enter correct command like this "-c split -p /file_path.file_name -s size_of_part"".
2017-01-04 17:12:58 INFO  main StreamController:sendMessage:68 - Send message to user. Message: "Enter parameters OR 'exit' to quit program".
2017-01-04 17:13:03 INFO  main StreamController:getMessage:52 - Get message from user. Message: "c dgdfg".
2017-01-04 17:13:03 INFO  main StreamController:sendMessage:68 - Send message to user. Message: "Input arguments are incorrect. Command is not supported. 
Please enter correct command like this "-c split -p /file_path.file_name -s size_of_part"".
2017-01-04 17:13:03 INFO  main StreamController:sendMessage:68 - Send message to user. Message: "Enter parameters OR 'exit' to quit program".
2017-01-04 17:13:10 INFO  main StreamController:getMessage:52 - Get message from user. Message: "-c exit".
2017-01-04 17:13:10 INFO  main StreamController:sendMessage:68 - Send message to user. Message: "Good by!".
2017-01-04 17:13:10 INFO  main StreamController:closeController:101 - Close BufferedReader and BufferedWriter of stream Controller.
