2017-01-03 18:06:55 INFO  main MainClass:main:33 - Start program.
2017-01-03 18:06:55 INFO  main AppExecutor:execute:65 - Starts to execute full cycle of applications work.
2017-01-03 18:07:11 DEBUG main ApacheCliParser:parse:25 - Starts with parameter java.lang.String[] which includes [-c, split, -p, /home/yevgen/IdeaProjects/FileFragmetation/core/src/main/resources/file.bmp, -s, 1M]
2017-01-03 18:07:11 DEBUG main InputDataHolder:<init>:28 - Create InputDataHolder with param class org.apache.commons.cli.CommandLine.
2017-01-03 18:07:11 DEBUG main InputDataHolder:<init>:61 - User command "split". User's file object "file.bmp". Size of file part = 1000000 bytes.
2017-01-03 18:07:11 DEBUG main ApacheCliParser:parse:44 - Return com.sysgears.core.input.InputDataHolder
2017-01-03 18:07:11 DEBUG main Command:getCommandByValue:127 - Create Command "split".
2017-01-03 18:07:11 DEBUG main Command:apply:29 - Starts with parameters:
		- class com.sysgears.core.input.InputDataHolder which includes Command "split", file object  "file.bmp", size of file part 1000000 bytes;
		- class java.util.concurrent.ThreadPoolExecutor with maximum allowed number of threads = 2
		- class com.sysgears.controller.StreamController
2017-01-03 18:07:11 DEBUG main Command:apply:38 - Initialize StatisticService and Splitter.
2017-01-03 18:08:04 DEBUG main ApacheCliParser:parse:25 - Starts with parameter java.lang.String[] which includes [-c, join, -p, /home/yevgen/IdeaProjects/FileFragmetation/core/src/main/resources/file.bmp_part_0, -s, 1M]
2017-01-03 18:08:04 DEBUG main InputDataHolder:<init>:28 - Create InputDataHolder with param class org.apache.commons.cli.CommandLine.
2017-01-03 18:08:04 DEBUG main InputDataHolder:<init>:61 - User command "join". User's file object "file.bmp_part_0". Size of file part = 1000000 bytes.
2017-01-03 18:08:04 DEBUG main ApacheCliParser:parse:44 - Return com.sysgears.core.input.InputDataHolder
2017-01-03 18:08:04 DEBUG main Command:getCommandByValue:127 - Create Command "join".
2017-01-03 18:08:04 DEBUG main Command:apply:55 - Starts with parameters:
		- class com.sysgears.core.input.InputDataHolder which includes Command "join", file object  "file.bmp_part_0", size of file part 1000000 bytes;
		- class java.util.concurrent.ThreadPoolExecutor with maximum allowed number of threads = 2
		- class com.sysgears.controller.StreamController
2017-01-03 18:08:04 DEBUG main Command:apply:64 - Initialize StatisticService and Joiner.
2017-01-03 18:08:50 DEBUG main ApacheCliParser:parse:25 - Starts with parameter java.lang.String[] which includes [dsfsdf]
2017-01-03 18:08:50 DEBUG main InputDataHolder:<init>:28 - Create InputDataHolder with param class org.apache.commons.cli.CommandLine.
2017-01-03 18:08:50 ERROR main AppExecutor:execute:81 - Unexpected exception java.lang.NullPointerException
2017-01-03 18:09:19 DEBUG main ApacheCliParser:parse:25 - Starts with parameter java.lang.String[] which includes [-c, fsd]
2017-01-03 18:09:19 DEBUG main InputDataHolder:<init>:28 - Create InputDataHolder with param class org.apache.commons.cli.CommandLine.
2017-01-03 18:09:19 WARN  main InputDataHolder:<init>:33 - Command 'fsd' is not supported
2017-01-03 18:09:19 ERROR main AppExecutor:execute:78 - InputException com.sysgears.core.input.InputException: Input arguments are incorrect. Command 'fsd' is not supported
2017-01-03 18:09:38 DEBUG main ApacheCliParser:parse:25 - Starts with parameter java.lang.String[] which includes [-c, exit]
2017-01-03 18:09:38 DEBUG main InputDataHolder:<init>:28 - Create InputDataHolder with param class org.apache.commons.cli.CommandLine.
2017-01-03 18:09:38 DEBUG main InputDataHolder:<init>:67 - User command "exit".
2017-01-03 18:09:38 DEBUG main ApacheCliParser:parse:44 - Return com.sysgears.core.input.InputDataHolder
2017-01-03 18:09:38 DEBUG main Command:getCommandByValue:127 - Create Command "exit".
2017-01-03 18:09:38 INFO  main Command:apply:80 - Starts Command "exit"
2017-01-03 18:09:38 INFO  main Command:apply:82 - Attempts to stop all actively executing tasks, halts the processing of waiting tasks.
