2017-01-03 12:30:23 INFO  main MainClass:main:33 - Start program.
2017-01-03 12:30:23 INFO  main AppExecutor:execute:65 - Starts to execute full cycle of applications work.
2017-01-03 12:30:23 INFO  main StreamController:sendMessage:63 - Send message to user. Message: "Enter parameters OR 'exit' to quit program".
2017-01-03 12:30:25 INFO  main StreamController:getMessage:50 - Get message from user. Message: "-c split -p /home/yevgen/IdeaProjects/FileFragmetation/core/src/main/resources/file.bmp -s 1M".
2017-01-03 12:30:25 INFO  main ApacheCliParser:parse:26 - Starts with parameter java.lang.String[] which includes [-c, split, -p, /home/yevgen/IdeaProjects/FileFragmetation/core/src/main/resources/file.bmp, -s, 1M]
2017-01-03 12:30:25 INFO  main InputDataHolder:<init>:28 - Create InputDataHolder with param class org.apache.commons.cli.CommandLine.
2017-01-03 12:30:25 INFO  main InputDataHolder:<init>:61 - User command "split". Users file object "file.bmp". Size of file part = 1000000 bytes.
2017-01-03 12:30:25 INFO  main ApacheCliParser:parse:45 - Return com.sysgears.core.input.InputDataHolder
2017-01-03 12:30:25 INFO  main Command:apply:31 - Initialize StatisticService.
2017-01-03 12:30:25 INFO  main Command:apply:35 - Initialize Splitter and File
2017-01-03 12:30:25 INFO  main Command:apply:42 - Initialize size of parts. Size = 1000000
2017-01-03 12:30:26 INFO  main Command:printStatistic:173 - Send statistic message to user. Message: Total progress: 100%, pool-1-thread-1: 100%, pool-1-thread-2: 100%, time remaining: 0.0s.
2017-01-03 12:30:26 INFO  main StreamController:sendMessage:63 - Send message to user. Message: "Total progress: 100%, pool-1-thread-1: 100%, pool-1-thread-2: 100%, time remaining: 0.0s.".
2017-01-03 12:30:26 INFO  main StreamController:sendMessage:63 - Send message to user. Message: "Enter parameters OR 'exit' to quit program".
2017-01-03 12:31:45 INFO  main StreamController:getMessage:50 - Get message from user. Message: "-c sfgdg".
2017-01-03 12:31:45 INFO  main ApacheCliParser:parse:26 - Starts with parameter java.lang.String[] which includes [-c, sfgdg]
2017-01-03 12:31:45 INFO  main InputDataHolder:<init>:28 - Create InputDataHolder with param class org.apache.commons.cli.CommandLine.
2017-01-03 12:31:45 ERROR main InputDataHolder:<init>:33 - Command 'sfgdg' is not supported
2017-01-03 12:31:45 INFO  main StreamController:sendMessage:63 - Send message to user. Message: "Input arguments are incorrect. Command 'sfgdg' is not supported".
2017-01-03 12:31:45 INFO  main StreamController:sendMessage:63 - Send message to user. Message: "Enter parameters OR 'exit' to quit program".
2017-01-03 12:32:31 INFO  main StreamController:getMessage:50 - Get message from user. Message: "-c exit".
2017-01-03 12:32:31 INFO  main ApacheCliParser:parse:26 - Starts with parameter java.lang.String[] which includes [-c, exit]
2017-01-03 12:32:31 INFO  main InputDataHolder:<init>:28 - Create InputDataHolder with param class org.apache.commons.cli.CommandLine.
2017-01-03 12:32:31 INFO  main InputDataHolder:<init>:67 - User command "exit".
2017-01-03 12:32:31 INFO  main ApacheCliParser:parse:45 - Return com.sysgears.core.input.InputDataHolder
2017-01-03 12:32:31 INFO  main Command:apply:79 - Attempts to stop all actively executing tasks, halts the processing of waiting tasks.
2017-01-03 12:32:31 INFO  main StreamController:sendMessage:63 - Send message to user. Message: "Good by!".
2017-01-03 12:32:31 INFO  main Command:apply:82 - Close BufferedWriter of stream Controller.
2017-01-03 12:32:31 INFO  main StreamController:sendMessage:63 - Send message to user. Message: "Enter parameters OR 'exit' to quit program".
2017-01-03 12:32:31 ERROR main StreamController:sendMessage:68 - Writing error.
java.io.IOException: Stream closed
	at java.io.BufferedWriter.ensureOpen(BufferedWriter.java:116)
	at java.io.BufferedWriter.write(BufferedWriter.java:221)
	at java.io.Writer.write(Writer.java:157)
	at com.sysgears.controller.StreamController.sendMessage(StreamController.java:64)
	at com.sysgears.core.AppExecutor.execute(AppExecutor.java:69)
	at com.sysgears.core.MainClass.main(MainClass.java:37)
	at sun.reflect.NativeMethodAccessorImpl.invoke0(Native Method)
	at sun.reflect.NativeMethodAccessorImpl.invoke(NativeMethodAccessorImpl.java:62)
	at sun.reflect.DelegatingMethodAccessorImpl.invoke(DelegatingMethodAccessorImpl.java:43)
	at java.lang.reflect.Method.invoke(Method.java:498)
	at com.intellij.rt.execution.application.AppMain.main(AppMain.java:147)
2017-01-03 12:32:31 INFO  main StreamController:sendMessage:63 - Send message to user. Message: "Connection is lost. Could not write message to user. ".
2017-01-03 12:32:31 ERROR main StreamController:sendMessage:68 - Writing error.
java.io.IOException: Stream closed
	at java.io.BufferedWriter.ensureOpen(BufferedWriter.java:116)
	at java.io.BufferedWriter.write(BufferedWriter.java:221)
	at java.io.Writer.write(Writer.java:157)
	at com.sysgears.controller.StreamController.sendMessage(StreamController.java:64)
	at com.sysgears.core.AppExecutor.execute(AppExecutor.java:76)
	at com.sysgears.core.MainClass.main(MainClass.java:37)
	at sun.reflect.NativeMethodAccessorImpl.invoke0(Native Method)
	at sun.reflect.NativeMethodAccessorImpl.invoke(NativeMethodAccessorImpl.java:62)
	at sun.reflect.DelegatingMethodAccessorImpl.invoke(DelegatingMethodAccessorImpl.java:43)
	at java.lang.reflect.Method.invoke(Method.java:498)
	at com.intellij.rt.execution.application.AppMain.main(AppMain.java:147)
2017-01-03 12:32:31 FATAL main MainClass:main:39 - Connection is lost. Could not write message to user. 
com.sysgears.controller.ControllerException: Connection is lost. Could not write message to user. 
	at com.sysgears.controller.StreamController.sendMessage(StreamController.java:69)
	at com.sysgears.core.AppExecutor.execute(AppExecutor.java:76)
	at com.sysgears.core.MainClass.main(MainClass.java:37)
	at sun.reflect.NativeMethodAccessorImpl.invoke0(Native Method)
	at sun.reflect.NativeMethodAccessorImpl.invoke(NativeMethodAccessorImpl.java:62)
	at sun.reflect.DelegatingMethodAccessorImpl.invoke(DelegatingMethodAccessorImpl.java:43)
	at java.lang.reflect.Method.invoke(Method.java:498)
	at com.intellij.rt.execution.application.AppMain.main(AppMain.java:147)
Caused by: java.io.IOException: Stream closed
	at java.io.BufferedWriter.ensureOpen(BufferedWriter.java:116)
	at java.io.BufferedWriter.write(BufferedWriter.java:221)
	at java.io.Writer.write(Writer.java:157)
	at com.sysgears.controller.StreamController.sendMessage(StreamController.java:64)
	... 7 more
2017-01-03 12:39:12 INFO  main MainClass:main:33 - Start program.
2017-01-03 12:39:12 INFO  main AppExecutor:execute:65 - Starts to execute full cycle of applications work.
2017-01-03 12:39:12 INFO  main StreamController:sendMessage:63 - Send message to user. Message: "Enter parameters OR 'exit' to quit program".
2017-01-03 12:39:14 INFO  main StreamController:getMessage:50 - Get message from user. Message: "-c split -p /home/yevgen/IdeaProjects/FileFragmetation/core/src/main/resources/file.bmp -s 1M".
2017-01-03 12:39:14 INFO  main ApacheCliParser:parse:26 - Starts with parameter java.lang.String[] which includes [-c, split, -p, /home/yevgen/IdeaProjects/FileFragmetation/core/src/main/resources/file.bmp, -s, 1M]
2017-01-03 12:39:14 INFO  main InputDataHolder:<init>:28 - Create InputDataHolder with param class org.apache.commons.cli.CommandLine.
2017-01-03 12:39:14 INFO  main InputDataHolder:<init>:61 - User command "split". User's file object "file.bmp". Size of file part = 1000000 bytes.
2017-01-03 12:39:14 INFO  main ApacheCliParser:parse:45 - Return com.sysgears.core.input.InputDataHolder
2017-01-03 12:39:14 INFO  main Command:apply:30 - Starts with parameters class com.sysgears.core.input.InputDataHolder which includes Command "split", file object  "file.bmp", size of file part "1000000.
2017-01-03 12:39:14 INFO  main Command:apply:34 - Initialize StatisticService.
2017-01-03 12:39:14 INFO  main Command:apply:38 - Initialize Splitter and File
2017-01-03 12:39:14 INFO  main Command:apply:45 - Initialize size of parts. Size = 1000000
2017-01-03 12:39:15 INFO  main Command:printStatistic:176 - Send statistic message to user. Message: Total progress: 100%, pool-1-thread-1: 100%, pool-1-thread-2: 100%, time remaining: 0.0s.
2017-01-03 12:39:15 INFO  main StreamController:sendMessage:63 - Send message to user. Message: "Total progress: 100%, pool-1-thread-1: 100%, pool-1-thread-2: 100%, time remaining: 0.0s.".
2017-01-03 12:39:15 INFO  main StreamController:sendMessage:63 - Send message to user. Message: "Enter parameters OR 'exit' to quit program".
2017-01-03 12:40:04 INFO  main StreamController:getMessage:50 - Get message from user. Message: "-c sdfsdf".
2017-01-03 12:40:04 INFO  main ApacheCliParser:parse:26 - Starts with parameter java.lang.String[] which includes [-c, sdfsdf]
2017-01-03 12:40:04 INFO  main InputDataHolder:<init>:28 - Create InputDataHolder with param class org.apache.commons.cli.CommandLine.
2017-01-03 12:40:04 ERROR main InputDataHolder:<init>:33 - Command 'sdfsdf' is not supported
2017-01-03 12:40:04 INFO  main StreamController:sendMessage:63 - Send message to user. Message: "Input arguments are incorrect. Command 'sdfsdf' is not supported".
2017-01-03 12:40:04 INFO  main StreamController:sendMessage:63 - Send message to user. Message: "Enter parameters OR 'exit' to quit program".
2017-01-03 12:40:15 INFO  main StreamController:getMessage:50 - Get message from user. Message: "-c exit".
2017-01-03 12:40:15 INFO  main ApacheCliParser:parse:26 - Starts with parameter java.lang.String[] which includes [-c, exit]
2017-01-03 12:40:15 INFO  main InputDataHolder:<init>:28 - Create InputDataHolder with param class org.apache.commons.cli.CommandLine.
2017-01-03 12:40:15 INFO  main InputDataHolder:<init>:67 - User command "exit".
2017-01-03 12:40:15 INFO  main ApacheCliParser:parse:45 - Return com.sysgears.core.input.InputDataHolder
2017-01-03 12:40:15 INFO  main Command:apply:82 - Attempts to stop all actively executing tasks, halts the processing of waiting tasks.
2017-01-03 12:40:15 INFO  main StreamController:sendMessage:63 - Send message to user. Message: "Good by!".
2017-01-03 12:40:15 INFO  main Command:apply:85 - Close BufferedWriter of stream Controller.
2017-01-03 12:40:15 INFO  main StreamController:sendMessage:63 - Send message to user. Message: "Enter parameters OR 'exit' to quit program".
2017-01-03 12:40:15 ERROR main StreamController:sendMessage:68 - Writing error.
java.io.IOException: Stream closed
	at java.io.BufferedWriter.ensureOpen(BufferedWriter.java:116)
	at java.io.BufferedWriter.write(BufferedWriter.java:221)
	at java.io.Writer.write(Writer.java:157)
	at com.sysgears.controller.StreamController.sendMessage(StreamController.java:64)
	at com.sysgears.core.AppExecutor.execute(AppExecutor.java:69)
	at com.sysgears.core.MainClass.main(MainClass.java:37)
	at sun.reflect.NativeMethodAccessorImpl.invoke0(Native Method)
	at sun.reflect.NativeMethodAccessorImpl.invoke(NativeMethodAccessorImpl.java:62)
	at sun.reflect.DelegatingMethodAccessorImpl.invoke(DelegatingMethodAccessorImpl.java:43)
	at java.lang.reflect.Method.invoke(Method.java:498)
	at com.intellij.rt.execution.application.AppMain.main(AppMain.java:147)
2017-01-03 12:40:15 INFO  main StreamController:sendMessage:63 - Send message to user. Message: "Connection is lost. Could not write message to user. ".
2017-01-03 12:40:15 ERROR main StreamController:sendMessage:68 - Writing error.
java.io.IOException: Stream closed
	at java.io.BufferedWriter.ensureOpen(BufferedWriter.java:116)
	at java.io.BufferedWriter.write(BufferedWriter.java:221)
	at java.io.Writer.write(Writer.java:157)
	at com.sysgears.controller.StreamController.sendMessage(StreamController.java:64)
	at com.sysgears.core.AppExecutor.execute(AppExecutor.java:76)
	at com.sysgears.core.MainClass.main(MainClass.java:37)
	at sun.reflect.NativeMethodAccessorImpl.invoke0(Native Method)
	at sun.reflect.NativeMethodAccessorImpl.invoke(NativeMethodAccessorImpl.java:62)
	at sun.reflect.DelegatingMethodAccessorImpl.invoke(DelegatingMethodAccessorImpl.java:43)
	at java.lang.reflect.Method.invoke(Method.java:498)
	at com.intellij.rt.execution.application.AppMain.main(AppMain.java:147)
2017-01-03 12:40:15 FATAL main MainClass:main:39 - Connection is lost. Could not write message to user. 
com.sysgears.controller.ControllerException: Connection is lost. Could not write message to user. 
	at com.sysgears.controller.StreamController.sendMessage(StreamController.java:69)
	at com.sysgears.core.AppExecutor.execute(AppExecutor.java:76)
	at com.sysgears.core.MainClass.main(MainClass.java:37)
	at sun.reflect.NativeMethodAccessorImpl.invoke0(Native Method)
	at sun.reflect.NativeMethodAccessorImpl.invoke(NativeMethodAccessorImpl.java:62)
	at sun.reflect.DelegatingMethodAccessorImpl.invoke(DelegatingMethodAccessorImpl.java:43)
	at java.lang.reflect.Method.invoke(Method.java:498)
	at com.intellij.rt.execution.application.AppMain.main(AppMain.java:147)
Caused by: java.io.IOException: Stream closed
	at java.io.BufferedWriter.ensureOpen(BufferedWriter.java:116)
	at java.io.BufferedWriter.write(BufferedWriter.java:221)
	at java.io.Writer.write(Writer.java:157)
	at com.sysgears.controller.StreamController.sendMessage(StreamController.java:64)
	... 7 more
2017-01-03 12:49:13 INFO  main MainClass:main:33 - Start program.
2017-01-03 12:49:13 INFO  main AppExecutor:execute:65 - Starts to execute full cycle of applications work.
2017-01-03 12:49:13 INFO  main StreamController:sendMessage:63 - Send message to user. Message: "Enter parameters OR 'exit' to quit program".
2017-01-03 12:49:21 INFO  main StreamController:getMessage:50 - Get message from user. Message: "-c split -p /home/yevgen/IdeaProjects/FileFragmetation/core/src/main/resources/file.bmp -s 1M".
2017-01-03 12:49:21 INFO  main ApacheCliParser:parse:26 - Starts with parameter java.lang.String[] which includes [-c, split, -p, /home/yevgen/IdeaProjects/FileFragmetation/core/src/main/resources/file.bmp, -s, 1M]
2017-01-03 12:49:21 INFO  main InputDataHolder:<init>:28 - Create InputDataHolder with param class org.apache.commons.cli.CommandLine.
2017-01-03 12:49:21 INFO  main InputDataHolder:<init>:61 - User command "split". User's file object "file.bmp". Size of file part = 1000000 bytes.
2017-01-03 12:49:21 INFO  main ApacheCliParser:parse:45 - Return com.sysgears.core.input.InputDataHolder
2017-01-03 12:49:21 INFO  main Command:apply:30 - Starts with parameters:
- class com.sysgears.core.input.InputDataHolder which includes Command "split", file object  "file.bmp", size of file part 1000000 bytes;
- class java.util.concurrent.ThreadPoolExecutor
- class com.sysgears.controller.StreamController
2017-01-03 12:49:21 INFO  main Command:apply:36 - Initialize StatisticService.
2017-01-03 12:49:21 INFO  main Command:apply:40 - Initialize Splitter and File
2017-01-03 12:49:21 INFO  main Command:apply:47 - Initialize size of parts. Size = 1000000
2017-01-03 12:49:22 INFO  main Command:printStatistic:178 - Send statistic message to user. Message: Total progress: 100%, pool-1-thread-1: 100%, pool-1-thread-2: 100%, time remaining: 0.0s.
2017-01-03 12:49:22 INFO  main StreamController:sendMessage:63 - Send message to user. Message: "Total progress: 100%, pool-1-thread-1: 100%, pool-1-thread-2: 100%, time remaining: 0.0s.".
2017-01-03 12:49:22 INFO  main StreamController:sendMessage:63 - Send message to user. Message: "Enter parameters OR 'exit' to quit program".
2017-01-03 12:52:55 INFO  main MainClass:main:33 - Start program.
2017-01-03 12:52:55 INFO  main AppExecutor:execute:65 - Starts to execute full cycle of applications work.
2017-01-03 12:52:55 INFO  main StreamController:sendMessage:63 - Send message to user. Message: "Enter parameters OR 'exit' to quit program".
2017-01-03 12:53:59 INFO  main MainClass:main:33 - Start program.
2017-01-03 12:53:59 INFO  main AppExecutor:execute:65 - Starts to execute full cycle of applications work.
2017-01-03 12:53:59 INFO  main StreamController:sendMessage:63 - Send message to user. Message: "Enter parameters OR 'exit' to quit program".
2017-01-03 12:54:13 INFO  main MainClass:main:33 - Start program.
2017-01-03 12:54:13 INFO  main AppExecutor:execute:65 - Starts to execute full cycle of applications work.
2017-01-03 12:54:13 INFO  main StreamController:sendMessage:63 - Send message to user. Message: "Enter parameters OR 'exit' to quit program".
2017-01-03 12:54:15 INFO  main StreamController:getMessage:50 - Get message from user. Message: "-c split -p /home/yevgen/IdeaProjects/FileFragmetation/core/src/main/resources/file.bmp -s 1M".
2017-01-03 12:54:15 INFO  main ApacheCliParser:parse:26 - Starts with parameter java.lang.String[] which includes [-c, split, -p, /home/yevgen/IdeaProjects/FileFragmetation/core/src/main/resources/file.bmp, -s, 1M]
2017-01-03 12:54:15 INFO  main InputDataHolder:<init>:28 - Create InputDataHolder with param class org.apache.commons.cli.CommandLine.
2017-01-03 12:54:15 INFO  main InputDataHolder:<init>:61 - User command "split". User's file object "file.bmp". Size of file part = 1000000 bytes.
2017-01-03 12:54:15 INFO  main ApacheCliParser:parse:45 - Return com.sysgears.core.input.InputDataHolder
2017-01-03 12:54:15 INFO  main Command:apply:30 - Starts with parameters:
- class com.sysgears.core.input.InputDataHolder which includes Command "split", file object  "file.bmp", size of file part 1000000 bytes;
- class java.util.concurrent.ThreadPoolExecutor with maximum allowed number of threads = 2
- class com.sysgears.controller.StreamController
2017-01-03 12:54:15 INFO  main Command:apply:38 - Initialize StatisticService.
2017-01-03 12:54:15 INFO  main Command:apply:42 - Initialize Splitter and File
2017-01-03 12:54:15 INFO  main Command:apply:49 - Initialize size of parts. Size = 1000000
2017-01-03 12:54:16 INFO  main Command:printStatistic:180 - Send statistic message to user. Message: Total progress: 100%, pool-1-thread-1: 100%, pool-1-thread-2: 100%, time remaining: 0.0s.
2017-01-03 12:54:16 INFO  main StreamController:sendMessage:63 - Send message to user. Message: "Total progress: 100%, pool-1-thread-1: 100%, pool-1-thread-2: 100%, time remaining: 0.0s.".
2017-01-03 12:54:16 INFO  main StreamController:sendMessage:63 - Send message to user. Message: "Enter parameters OR 'exit' to quit program".
2017-01-03 12:54:36 INFO  main StreamController:getMessage:50 - Get message from user. Message: "-c sdfsd".
2017-01-03 12:54:36 INFO  main ApacheCliParser:parse:26 - Starts with parameter java.lang.String[] which includes [-c, sdfsd]
2017-01-03 12:54:36 INFO  main InputDataHolder:<init>:28 - Create InputDataHolder with param class org.apache.commons.cli.CommandLine.
2017-01-03 12:54:36 ERROR main InputDataHolder:<init>:33 - Command 'sdfsd' is not supported
2017-01-03 12:54:36 INFO  main StreamController:sendMessage:63 - Send message to user. Message: "Input arguments are incorrect. Command 'sdfsd' is not supported".
2017-01-03 12:54:36 INFO  main StreamController:sendMessage:63 - Send message to user. Message: "Enter parameters OR 'exit' to quit program".
2017-01-03 12:54:45 INFO  main StreamController:getMessage:50 - Get message from user. Message: "-c exit".
2017-01-03 12:54:45 INFO  main ApacheCliParser:parse:26 - Starts with parameter java.lang.String[] which includes [-c, exit]
2017-01-03 12:54:45 INFO  main InputDataHolder:<init>:28 - Create InputDataHolder with param class org.apache.commons.cli.CommandLine.
2017-01-03 12:54:45 INFO  main InputDataHolder:<init>:67 - User command "exit".
2017-01-03 12:54:45 INFO  main ApacheCliParser:parse:45 - Return com.sysgears.core.input.InputDataHolder
2017-01-03 12:54:45 INFO  main Command:apply:86 - Attempts to stop all actively executing tasks, halts the processing of waiting tasks.
2017-01-03 12:54:45 INFO  main StreamController:sendMessage:63 - Send message to user. Message: "Good by!".
2017-01-03 12:54:45 INFO  main Command:apply:89 - Close BufferedWriter of stream Controller.
2017-01-03 12:54:45 INFO  main StreamController:sendMessage:63 - Send message to user. Message: "Enter parameters OR 'exit' to quit program".
2017-01-03 12:54:45 ERROR main StreamController:sendMessage:68 - Writing error.
java.io.IOException: Stream closed
	at java.io.BufferedWriter.ensureOpen(BufferedWriter.java:116)
	at java.io.BufferedWriter.write(BufferedWriter.java:221)
	at java.io.Writer.write(Writer.java:157)
	at com.sysgears.controller.StreamController.sendMessage(StreamController.java:64)
	at com.sysgears.core.AppExecutor.execute(AppExecutor.java:69)
	at com.sysgears.core.MainClass.main(MainClass.java:37)
	at sun.reflect.NativeMethodAccessorImpl.invoke0(Native Method)
	at sun.reflect.NativeMethodAccessorImpl.invoke(NativeMethodAccessorImpl.java:62)
	at sun.reflect.DelegatingMethodAccessorImpl.invoke(DelegatingMethodAccessorImpl.java:43)
	at java.lang.reflect.Method.invoke(Method.java:498)
	at com.intellij.rt.execution.application.AppMain.main(AppMain.java:147)
2017-01-03 12:54:45 INFO  main StreamController:sendMessage:63 - Send message to user. Message: "Connection is lost. Could not write message to user. ".
2017-01-03 12:54:45 ERROR main StreamController:sendMessage:68 - Writing error.
java.io.IOException: Stream closed
	at java.io.BufferedWriter.ensureOpen(BufferedWriter.java:116)
	at java.io.BufferedWriter.write(BufferedWriter.java:221)
	at java.io.Writer.write(Writer.java:157)
	at com.sysgears.controller.StreamController.sendMessage(StreamController.java:64)
	at com.sysgears.core.AppExecutor.execute(AppExecutor.java:76)
	at com.sysgears.core.MainClass.main(MainClass.java:37)
	at sun.reflect.NativeMethodAccessorImpl.invoke0(Native Method)
	at sun.reflect.NativeMethodAccessorImpl.invoke(NativeMethodAccessorImpl.java:62)
	at sun.reflect.DelegatingMethodAccessorImpl.invoke(DelegatingMethodAccessorImpl.java:43)
	at java.lang.reflect.Method.invoke(Method.java:498)
	at com.intellij.rt.execution.application.AppMain.main(AppMain.java:147)
2017-01-03 12:54:45 FATAL main MainClass:main:39 - Connection is lost. Could not write message to user. 
com.sysgears.controller.ControllerException: Connection is lost. Could not write message to user. 
	at com.sysgears.controller.StreamController.sendMessage(StreamController.java:69)
	at com.sysgears.core.AppExecutor.execute(AppExecutor.java:76)
	at com.sysgears.core.MainClass.main(MainClass.java:37)
	at sun.reflect.NativeMethodAccessorImpl.invoke0(Native Method)
	at sun.reflect.NativeMethodAccessorImpl.invoke(NativeMethodAccessorImpl.java:62)
	at sun.reflect.DelegatingMethodAccessorImpl.invoke(DelegatingMethodAccessorImpl.java:43)
	at java.lang.reflect.Method.invoke(Method.java:498)
	at com.intellij.rt.execution.application.AppMain.main(AppMain.java:147)
Caused by: java.io.IOException: Stream closed
	at java.io.BufferedWriter.ensureOpen(BufferedWriter.java:116)
	at java.io.BufferedWriter.write(BufferedWriter.java:221)
	at java.io.Writer.write(Writer.java:157)
	at com.sysgears.controller.StreamController.sendMessage(StreamController.java:64)
	... 7 more
2017-01-03 12:58:01 INFO  main MainClass:main:33 - Start program.
2017-01-03 12:58:01 INFO  main AppExecutor:execute:65 - Starts to execute full cycle of applications work.
2017-01-03 12:58:01 INFO  main StreamController:sendMessage:63 - Send message to user. Message: "Enter parameters OR 'exit' to quit program".
2017-01-03 12:58:04 INFO  main StreamController:getMessage:50 - Get message from user. Message: "-c exit".
2017-01-03 12:58:04 INFO  main ApacheCliParser:parse:26 - Starts with parameter java.lang.String[] which includes [-c, exit]
2017-01-03 12:58:04 INFO  main InputDataHolder:<init>:28 - Create InputDataHolder with param class org.apache.commons.cli.CommandLine.
2017-01-03 12:58:04 INFO  main InputDataHolder:<init>:67 - User command "exit".
2017-01-03 12:58:04 INFO  main ApacheCliParser:parse:45 - Return com.sysgears.core.input.InputDataHolder
2017-01-03 12:58:04 INFO  main StreamController:sendMessage:63 - Send message to user. Message: "Critical error. null".
2017-01-03 12:58:04 INFO  main StreamController:sendMessage:63 - Send message to user. Message: "Enter parameters OR 'exit' to quit program".
2017-01-03 12:59:16 INFO  main MainClass:main:33 - Start program.
2017-01-03 12:59:16 INFO  main AppExecutor:execute:65 - Starts to execute full cycle of applications work.
2017-01-03 12:59:16 INFO  main StreamController:sendMessage:63 - Send message to user. Message: "Enter parameters OR 'exit' to quit program".
2017-01-03 12:59:19 INFO  main StreamController:getMessage:50 - Get message from user. Message: "-c exit".
2017-01-03 12:59:19 INFO  main ApacheCliParser:parse:26 - Starts with parameter java.lang.String[] which includes [-c, exit]
2017-01-03 12:59:19 INFO  main InputDataHolder:<init>:28 - Create InputDataHolder with param class org.apache.commons.cli.CommandLine.
2017-01-03 12:59:19 INFO  main InputDataHolder:<init>:67 - User command "exit".
2017-01-03 12:59:19 INFO  main ApacheCliParser:parse:45 - Return com.sysgears.core.input.InputDataHolder
2017-01-03 12:59:19 INFO  main Command:apply:81 - Starts with parameters:
- class com.sysgears.core.input.InputDataHolder which includes Command "exit";
- class java.util.concurrent.ThreadPoolExecutor with maximum allowed number of threads = 2
- class com.sysgears.controller.StreamController
2017-01-03 12:59:19 INFO  main Command:apply:90 - Attempts to stop all actively executing tasks, halts the processing of waiting tasks.
2017-01-03 12:59:19 INFO  main StreamController:sendMessage:63 - Send message to user. Message: "Good by!".
2017-01-03 12:59:19 INFO  main Command:apply:93 - Close BufferedWriter of stream Controller.
2017-01-03 12:59:19 INFO  main StreamController:sendMessage:63 - Send message to user. Message: "Enter parameters OR 'exit' to quit program".
2017-01-03 12:59:19 ERROR main StreamController:sendMessage:68 - Writing error.
java.io.IOException: Stream closed
	at java.io.BufferedWriter.ensureOpen(BufferedWriter.java:116)
	at java.io.BufferedWriter.write(BufferedWriter.java:221)
	at java.io.Writer.write(Writer.java:157)
	at com.sysgears.controller.StreamController.sendMessage(StreamController.java:64)
	at com.sysgears.core.AppExecutor.execute(AppExecutor.java:69)
	at com.sysgears.core.MainClass.main(MainClass.java:37)
	at sun.reflect.NativeMethodAccessorImpl.invoke0(Native Method)
	at sun.reflect.NativeMethodAccessorImpl.invoke(NativeMethodAccessorImpl.java:62)
	at sun.reflect.DelegatingMethodAccessorImpl.invoke(DelegatingMethodAccessorImpl.java:43)
	at java.lang.reflect.Method.invoke(Method.java:498)
	at com.intellij.rt.execution.application.AppMain.main(AppMain.java:147)
2017-01-03 12:59:19 INFO  main StreamController:sendMessage:63 - Send message to user. Message: "Connection is lost. Could not write message to user. ".
2017-01-03 12:59:19 ERROR main StreamController:sendMessage:68 - Writing error.
java.io.IOException: Stream closed
	at java.io.BufferedWriter.ensureOpen(BufferedWriter.java:116)
	at java.io.BufferedWriter.write(BufferedWriter.java:221)
	at java.io.Writer.write(Writer.java:157)
	at com.sysgears.controller.StreamController.sendMessage(StreamController.java:64)
	at com.sysgears.core.AppExecutor.execute(AppExecutor.java:76)
	at com.sysgears.core.MainClass.main(MainClass.java:37)
	at sun.reflect.NativeMethodAccessorImpl.invoke0(Native Method)
	at sun.reflect.NativeMethodAccessorImpl.invoke(NativeMethodAccessorImpl.java:62)
	at sun.reflect.DelegatingMethodAccessorImpl.invoke(DelegatingMethodAccessorImpl.java:43)
	at java.lang.reflect.Method.invoke(Method.java:498)
	at com.intellij.rt.execution.application.AppMain.main(AppMain.java:147)
2017-01-03 12:59:19 FATAL main MainClass:main:39 - Connection is lost. Could not write message to user. 
com.sysgears.controller.ControllerException: Connection is lost. Could not write message to user. 
	at com.sysgears.controller.StreamController.sendMessage(StreamController.java:69)
	at com.sysgears.core.AppExecutor.execute(AppExecutor.java:76)
	at com.sysgears.core.MainClass.main(MainClass.java:37)
	at sun.reflect.NativeMethodAccessorImpl.invoke0(Native Method)
	at sun.reflect.NativeMethodAccessorImpl.invoke(NativeMethodAccessorImpl.java:62)
	at sun.reflect.DelegatingMethodAccessorImpl.invoke(DelegatingMethodAccessorImpl.java:43)
	at java.lang.reflect.Method.invoke(Method.java:498)
	at com.intellij.rt.execution.application.AppMain.main(AppMain.java:147)
Caused by: java.io.IOException: Stream closed
	at java.io.BufferedWriter.ensureOpen(BufferedWriter.java:116)
	at java.io.BufferedWriter.write(BufferedWriter.java:221)
	at java.io.Writer.write(Writer.java:157)
	at com.sysgears.controller.StreamController.sendMessage(StreamController.java:64)
	... 7 more
2017-01-03 13:00:54 INFO  main MainClass:main:33 - Start program.
2017-01-03 13:00:54 INFO  main AppExecutor:execute:65 - Starts to execute full cycle of applications work.
2017-01-03 13:00:54 INFO  main StreamController:sendMessage:63 - Send message to user. Message: "Enter parameters OR 'exit' to quit program".
2017-01-03 13:01:02 INFO  main StreamController:getMessage:50 - Get message from user. Message: "-c exit".
2017-01-03 13:01:02 INFO  main ApacheCliParser:parse:26 - Starts with parameter java.lang.String[] which includes [-c, exit]
2017-01-03 13:01:02 INFO  main InputDataHolder:<init>:28 - Create InputDataHolder with param class org.apache.commons.cli.CommandLine.
2017-01-03 13:01:02 INFO  main InputDataHolder:<init>:67 - User command "exit".
2017-01-03 13:01:02 INFO  main ApacheCliParser:parse:45 - Return com.sysgears.core.input.InputDataHolder
2017-01-03 13:01:02 INFO  main Command:apply:81 - Starts with parameters:
- class com.sysgears.core.input.InputDataHolder which includes Command "exit";
	- class java.util.concurrent.ThreadPoolExecutor with maximum allowed number of threads = 2
- class com.sysgears.controller.StreamController
2017-01-03 13:01:02 INFO  main Command:apply:90 - Attempts to stop all actively executing tasks, halts the processing of waiting tasks.
2017-01-03 13:01:02 INFO  main StreamController:sendMessage:63 - Send message to user. Message: "Good by!".
2017-01-03 13:01:02 INFO  main Command:apply:93 - Close BufferedWriter of stream Controller.
2017-01-03 13:01:02 INFO  main StreamController:sendMessage:63 - Send message to user. Message: "Enter parameters OR 'exit' to quit program".
2017-01-03 13:01:02 ERROR main StreamController:sendMessage:68 - Writing error.
java.io.IOException: Stream closed
	at java.io.BufferedWriter.ensureOpen(BufferedWriter.java:116)
	at java.io.BufferedWriter.write(BufferedWriter.java:221)
	at java.io.Writer.write(Writer.java:157)
	at com.sysgears.controller.StreamController.sendMessage(StreamController.java:64)
	at com.sysgears.core.AppExecutor.execute(AppExecutor.java:69)
	at com.sysgears.core.MainClass.main(MainClass.java:37)
	at sun.reflect.NativeMethodAccessorImpl.invoke0(Native Method)
	at sun.reflect.NativeMethodAccessorImpl.invoke(NativeMethodAccessorImpl.java:62)
	at sun.reflect.DelegatingMethodAccessorImpl.invoke(DelegatingMethodAccessorImpl.java:43)
	at java.lang.reflect.Method.invoke(Method.java:498)
	at com.intellij.rt.execution.application.AppMain.main(AppMain.java:147)
2017-01-03 13:01:02 INFO  main StreamController:sendMessage:63 - Send message to user. Message: "Connection is lost. Could not write message to user. ".
2017-01-03 13:01:02 ERROR main StreamController:sendMessage:68 - Writing error.
java.io.IOException: Stream closed
	at java.io.BufferedWriter.ensureOpen(BufferedWriter.java:116)
	at java.io.BufferedWriter.write(BufferedWriter.java:221)
	at java.io.Writer.write(Writer.java:157)
	at com.sysgears.controller.StreamController.sendMessage(StreamController.java:64)
	at com.sysgears.core.AppExecutor.execute(AppExecutor.java:76)
	at com.sysgears.core.MainClass.main(MainClass.java:37)
	at sun.reflect.NativeMethodAccessorImpl.invoke0(Native Method)
	at sun.reflect.NativeMethodAccessorImpl.invoke(NativeMethodAccessorImpl.java:62)
	at sun.reflect.DelegatingMethodAccessorImpl.invoke(DelegatingMethodAccessorImpl.java:43)
	at java.lang.reflect.Method.invoke(Method.java:498)
	at com.intellij.rt.execution.application.AppMain.main(AppMain.java:147)
2017-01-03 13:01:02 FATAL main MainClass:main:39 - Connection is lost. Could not write message to user. 
com.sysgears.controller.ControllerException: Connection is lost. Could not write message to user. 
	at com.sysgears.controller.StreamController.sendMessage(StreamController.java:69)
	at com.sysgears.core.AppExecutor.execute(AppExecutor.java:76)
	at com.sysgears.core.MainClass.main(MainClass.java:37)
	at sun.reflect.NativeMethodAccessorImpl.invoke0(Native Method)
	at sun.reflect.NativeMethodAccessorImpl.invoke(NativeMethodAccessorImpl.java:62)
	at sun.reflect.DelegatingMethodAccessorImpl.invoke(DelegatingMethodAccessorImpl.java:43)
	at java.lang.reflect.Method.invoke(Method.java:498)
	at com.intellij.rt.execution.application.AppMain.main(AppMain.java:147)
Caused by: java.io.IOException: Stream closed
	at java.io.BufferedWriter.ensureOpen(BufferedWriter.java:116)
	at java.io.BufferedWriter.write(BufferedWriter.java:221)
	at java.io.Writer.write(Writer.java:157)
	at com.sysgears.controller.StreamController.sendMessage(StreamController.java:64)
	... 7 more
2017-01-03 13:01:50 INFO  main MainClass:main:33 - Start program.
2017-01-03 13:01:50 INFO  main AppExecutor:execute:65 - Starts to execute full cycle of applications work.
2017-01-03 13:01:50 INFO  main StreamController:sendMessage:63 - Send message to user. Message: "Enter parameters OR 'exit' to quit program".
2017-01-03 13:01:54 INFO  main StreamController:getMessage:50 - Get message from user. Message: "-c exit".
2017-01-03 13:01:54 INFO  main ApacheCliParser:parse:26 - Starts with parameter java.lang.String[] which includes [-c, exit]
2017-01-03 13:01:54 INFO  main InputDataHolder:<init>:28 - Create InputDataHolder with param class org.apache.commons.cli.CommandLine.
2017-01-03 13:01:54 INFO  main InputDataHolder:<init>:67 - User command "exit".
2017-01-03 13:01:54 INFO  main ApacheCliParser:parse:45 - Return com.sysgears.core.input.InputDataHolder
2017-01-03 13:01:54 INFO  main Command:apply:81 - Starts with parameters:
		- class com.sysgears.core.input.InputDataHolder which includes Command "exit";
		- class java.util.concurrent.ThreadPoolExecutor with maximum allowed number of threads = 2
		- class com.sysgears.controller.StreamController
2017-01-03 13:01:54 INFO  main Command:apply:90 - Attempts to stop all actively executing tasks, halts the processing of waiting tasks.
2017-01-03 13:01:54 INFO  main StreamController:sendMessage:63 - Send message to user. Message: "Good by!".
2017-01-03 13:01:54 INFO  main Command:apply:93 - Close BufferedWriter of stream Controller.
2017-01-03 13:01:54 INFO  main StreamController:sendMessage:63 - Send message to user. Message: "Enter parameters OR 'exit' to quit program".
2017-01-03 13:01:54 ERROR main StreamController:sendMessage:68 - Writing error.
java.io.IOException: Stream closed
	at java.io.BufferedWriter.ensureOpen(BufferedWriter.java:116)
	at java.io.BufferedWriter.write(BufferedWriter.java:221)
	at java.io.Writer.write(Writer.java:157)
	at com.sysgears.controller.StreamController.sendMessage(StreamController.java:64)
	at com.sysgears.core.AppExecutor.execute(AppExecutor.java:69)
	at com.sysgears.core.MainClass.main(MainClass.java:37)
	at sun.reflect.NativeMethodAccessorImpl.invoke0(Native Method)
	at sun.reflect.NativeMethodAccessorImpl.invoke(NativeMethodAccessorImpl.java:62)
	at sun.reflect.DelegatingMethodAccessorImpl.invoke(DelegatingMethodAccessorImpl.java:43)
	at java.lang.reflect.Method.invoke(Method.java:498)
	at com.intellij.rt.execution.application.AppMain.main(AppMain.java:147)
2017-01-03 13:01:54 INFO  main StreamController:sendMessage:63 - Send message to user. Message: "Connection is lost. Could not write message to user. ".
2017-01-03 13:01:54 ERROR main StreamController:sendMessage:68 - Writing error.
java.io.IOException: Stream closed
	at java.io.BufferedWriter.ensureOpen(BufferedWriter.java:116)
	at java.io.BufferedWriter.write(BufferedWriter.java:221)
	at java.io.Writer.write(Writer.java:157)
	at com.sysgears.controller.StreamController.sendMessage(StreamController.java:64)
	at com.sysgears.core.AppExecutor.execute(AppExecutor.java:76)
	at com.sysgears.core.MainClass.main(MainClass.java:37)
	at sun.reflect.NativeMethodAccessorImpl.invoke0(Native Method)
	at sun.reflect.NativeMethodAccessorImpl.invoke(NativeMethodAccessorImpl.java:62)
	at sun.reflect.DelegatingMethodAccessorImpl.invoke(DelegatingMethodAccessorImpl.java:43)
	at java.lang.reflect.Method.invoke(Method.java:498)
	at com.intellij.rt.execution.application.AppMain.main(AppMain.java:147)
2017-01-03 13:01:54 FATAL main MainClass:main:39 - Connection is lost. Could not write message to user. 
com.sysgears.controller.ControllerException: Connection is lost. Could not write message to user. 
	at com.sysgears.controller.StreamController.sendMessage(StreamController.java:69)
	at com.sysgears.core.AppExecutor.execute(AppExecutor.java:76)
	at com.sysgears.core.MainClass.main(MainClass.java:37)
	at sun.reflect.NativeMethodAccessorImpl.invoke0(Native Method)
	at sun.reflect.NativeMethodAccessorImpl.invoke(NativeMethodAccessorImpl.java:62)
	at sun.reflect.DelegatingMethodAccessorImpl.invoke(DelegatingMethodAccessorImpl.java:43)
	at java.lang.reflect.Method.invoke(Method.java:498)
	at com.intellij.rt.execution.application.AppMain.main(AppMain.java:147)
Caused by: java.io.IOException: Stream closed
	at java.io.BufferedWriter.ensureOpen(BufferedWriter.java:116)
	at java.io.BufferedWriter.write(BufferedWriter.java:221)
	at java.io.Writer.write(Writer.java:157)
	at com.sysgears.controller.StreamController.sendMessage(StreamController.java:64)
	... 7 more
2017-01-03 13:03:31 INFO  main MainClass:main:33 - Start program.
2017-01-03 13:03:31 INFO  main AppExecutor:execute:65 - Starts to execute full cycle of applications work.
2017-01-03 13:03:31 INFO  main StreamController:sendMessage:63 - Send message to user. Message: "Enter parameters OR 'exit' to quit program".
2017-01-03 13:03:38 INFO  main MainClass:main:33 - Start program.
2017-01-03 13:03:38 INFO  main AppExecutor:execute:65 - Starts to execute full cycle of applications work.
2017-01-03 13:03:38 INFO  main StreamController:sendMessage:63 - Send message to user. Message: "Enter parameters OR 'exit' to quit program".
2017-01-03 13:03:41 INFO  main StreamController:getMessage:50 - Get message from user. Message: "-c exit".
2017-01-03 13:03:41 INFO  main ApacheCliParser:parse:26 - Starts with parameter java.lang.String[] which includes [-c, exit]
2017-01-03 13:03:41 INFO  main InputDataHolder:<init>:28 - Create InputDataHolder with param class org.apache.commons.cli.CommandLine.
2017-01-03 13:03:41 INFO  main InputDataHolder:<init>:67 - User command "exit".
2017-01-03 13:03:41 INFO  main ApacheCliParser:parse:45 - Return com.sysgears.core.input.InputDataHolder
2017-01-03 13:03:41 INFO  main Command:apply:81 - Starts Command "exit"
2017-01-03 13:03:41 INFO  main Command:apply:83 - Attempts to stop all actively executing tasks, halts the processing of waiting tasks.
2017-01-03 13:03:41 INFO  main StreamController:sendMessage:63 - Send message to user. Message: "Good by!".
2017-01-03 13:03:41 INFO  main Command:apply:86 - Close BufferedWriter of stream Controller.
2017-01-03 13:03:41 INFO  main StreamController:sendMessage:63 - Send message to user. Message: "Enter parameters OR 'exit' to quit program".
2017-01-03 13:03:41 ERROR main StreamController:sendMessage:68 - Writing error.
java.io.IOException: Stream closed
	at java.io.BufferedWriter.ensureOpen(BufferedWriter.java:116)
	at java.io.BufferedWriter.write(BufferedWriter.java:221)
	at java.io.Writer.write(Writer.java:157)
	at com.sysgears.controller.StreamController.sendMessage(StreamController.java:64)
	at com.sysgears.core.AppExecutor.execute(AppExecutor.java:69)
	at com.sysgears.core.MainClass.main(MainClass.java:37)
	at sun.reflect.NativeMethodAccessorImpl.invoke0(Native Method)
	at sun.reflect.NativeMethodAccessorImpl.invoke(NativeMethodAccessorImpl.java:62)
	at sun.reflect.DelegatingMethodAccessorImpl.invoke(DelegatingMethodAccessorImpl.java:43)
	at java.lang.reflect.Method.invoke(Method.java:498)
	at com.intellij.rt.execution.application.AppMain.main(AppMain.java:147)
2017-01-03 13:03:41 INFO  main StreamController:sendMessage:63 - Send message to user. Message: "Connection is lost. Could not write message to user. ".
2017-01-03 13:03:41 ERROR main StreamController:sendMessage:68 - Writing error.
java.io.IOException: Stream closed
	at java.io.BufferedWriter.ensureOpen(BufferedWriter.java:116)
	at java.io.BufferedWriter.write(BufferedWriter.java:221)
	at java.io.Writer.write(Writer.java:157)
	at com.sysgears.controller.StreamController.sendMessage(StreamController.java:64)
	at com.sysgears.core.AppExecutor.execute(AppExecutor.java:76)
	at com.sysgears.core.MainClass.main(MainClass.java:37)
	at sun.reflect.NativeMethodAccessorImpl.invoke0(Native Method)
	at sun.reflect.NativeMethodAccessorImpl.invoke(NativeMethodAccessorImpl.java:62)
	at sun.reflect.DelegatingMethodAccessorImpl.invoke(DelegatingMethodAccessorImpl.java:43)
	at java.lang.reflect.Method.invoke(Method.java:498)
	at com.intellij.rt.execution.application.AppMain.main(AppMain.java:147)
2017-01-03 13:03:41 FATAL main MainClass:main:39 - Connection is lost. Could not write message to user. 
com.sysgears.controller.ControllerException: Connection is lost. Could not write message to user. 
	at com.sysgears.controller.StreamController.sendMessage(StreamController.java:69)
	at com.sysgears.core.AppExecutor.execute(AppExecutor.java:76)
	at com.sysgears.core.MainClass.main(MainClass.java:37)
	at sun.reflect.NativeMethodAccessorImpl.invoke0(Native Method)
	at sun.reflect.NativeMethodAccessorImpl.invoke(NativeMethodAccessorImpl.java:62)
	at sun.reflect.DelegatingMethodAccessorImpl.invoke(DelegatingMethodAccessorImpl.java:43)
	at java.lang.reflect.Method.invoke(Method.java:498)
	at com.intellij.rt.execution.application.AppMain.main(AppMain.java:147)
Caused by: java.io.IOException: Stream closed
	at java.io.BufferedWriter.ensureOpen(BufferedWriter.java:116)
	at java.io.BufferedWriter.write(BufferedWriter.java:221)
	at java.io.Writer.write(Writer.java:157)
	at com.sysgears.controller.StreamController.sendMessage(StreamController.java:64)
	... 7 more
2017-01-03 13:05:40 INFO  main MainClass:main:33 - Start program.
2017-01-03 13:05:40 INFO  main AppExecutor:execute:65 - Starts to execute full cycle of applications work.
2017-01-03 13:05:40 INFO  main StreamController:sendMessage:66 - Send message to user. Message: "Enter parameters OR 'exit' to quit program".
2017-01-03 13:05:44 INFO  main StreamController:getMessage:50 - Get message from user. Message: "-c exit".
2017-01-03 13:05:44 INFO  main ApacheCliParser:parse:26 - Starts with parameter java.lang.String[] which includes [-c, exit]
2017-01-03 13:05:44 INFO  main InputDataHolder:<init>:28 - Create InputDataHolder with param class org.apache.commons.cli.CommandLine.
2017-01-03 13:05:44 INFO  main InputDataHolder:<init>:67 - User command "exit".
2017-01-03 13:05:44 INFO  main ApacheCliParser:parse:45 - Return com.sysgears.core.input.InputDataHolder
2017-01-03 13:05:44 INFO  main Command:apply:81 - Starts Command "exit"
2017-01-03 13:05:44 INFO  main Command:apply:83 - Attempts to stop all actively executing tasks, halts the processing of waiting tasks.
2017-01-03 13:05:44 INFO  main StreamController:sendMessage:66 - Send message to user. Message: "Good by!".
2017-01-03 13:05:44 INFO  main Command:apply:86 - Close BufferedWriter of stream Controller.
2017-01-03 13:05:44 ERROR main StreamController:sendMessage:68 - Writing error.
java.io.IOException: Stream closed
	at java.io.BufferedWriter.ensureOpen(BufferedWriter.java:116)
	at java.io.BufferedWriter.write(BufferedWriter.java:221)
	at java.io.Writer.write(Writer.java:157)
	at com.sysgears.controller.StreamController.sendMessage(StreamController.java:63)
	at com.sysgears.core.AppExecutor.execute(AppExecutor.java:69)
	at com.sysgears.core.MainClass.main(MainClass.java:37)
	at sun.reflect.NativeMethodAccessorImpl.invoke0(Native Method)
	at sun.reflect.NativeMethodAccessorImpl.invoke(NativeMethodAccessorImpl.java:62)
	at sun.reflect.DelegatingMethodAccessorImpl.invoke(DelegatingMethodAccessorImpl.java:43)
	at java.lang.reflect.Method.invoke(Method.java:498)
	at com.intellij.rt.execution.application.AppMain.main(AppMain.java:147)
2017-01-03 13:05:44 ERROR main StreamController:sendMessage:68 - Writing error.
java.io.IOException: Stream closed
	at java.io.BufferedWriter.ensureOpen(BufferedWriter.java:116)
	at java.io.BufferedWriter.write(BufferedWriter.java:221)
	at java.io.Writer.write(Writer.java:157)
	at com.sysgears.controller.StreamController.sendMessage(StreamController.java:63)
	at com.sysgears.core.AppExecutor.execute(AppExecutor.java:76)
	at com.sysgears.core.MainClass.main(MainClass.java:37)
	at sun.reflect.NativeMethodAccessorImpl.invoke0(Native Method)
	at sun.reflect.NativeMethodAccessorImpl.invoke(NativeMethodAccessorImpl.java:62)
	at sun.reflect.DelegatingMethodAccessorImpl.invoke(DelegatingMethodAccessorImpl.java:43)
	at java.lang.reflect.Method.invoke(Method.java:498)
	at com.intellij.rt.execution.application.AppMain.main(AppMain.java:147)
2017-01-03 13:05:44 FATAL main MainClass:main:39 - Connection is lost. Could not write message to user. 
com.sysgears.controller.ControllerException: Connection is lost. Could not write message to user. 
	at com.sysgears.controller.StreamController.sendMessage(StreamController.java:69)
	at com.sysgears.core.AppExecutor.execute(AppExecutor.java:76)
	at com.sysgears.core.MainClass.main(MainClass.java:37)
	at sun.reflect.NativeMethodAccessorImpl.invoke0(Native Method)
	at sun.reflect.NativeMethodAccessorImpl.invoke(NativeMethodAccessorImpl.java:62)
	at sun.reflect.DelegatingMethodAccessorImpl.invoke(DelegatingMethodAccessorImpl.java:43)
	at java.lang.reflect.Method.invoke(Method.java:498)
	at com.intellij.rt.execution.application.AppMain.main(AppMain.java:147)
Caused by: java.io.IOException: Stream closed
	at java.io.BufferedWriter.ensureOpen(BufferedWriter.java:116)
	at java.io.BufferedWriter.write(BufferedWriter.java:221)
	at java.io.Writer.write(Writer.java:157)
	at com.sysgears.controller.StreamController.sendMessage(StreamController.java:63)
	... 7 more
2017-01-03 13:13:31 INFO  main MainClass:main:33 - Start program.
2017-01-03 13:13:31 INFO  main AppExecutor:execute:65 - Starts to execute full cycle of applications work.
2017-01-03 13:13:31 INFO  main StreamController:sendMessage:68 - Send message to user. Message: "Enter parameters OR 'exit' to quit program".
2017-01-03 13:13:36 INFO  main StreamController:getMessage:52 - Get message from user. Message: "-c exit".
2017-01-03 13:13:36 INFO  main ApacheCliParser:parse:26 - Starts with parameter java.lang.String[] which includes [-c, exit]
2017-01-03 13:13:36 INFO  main InputDataHolder:<init>:28 - Create InputDataHolder with param class org.apache.commons.cli.CommandLine.
2017-01-03 13:13:36 INFO  main InputDataHolder:<init>:67 - User command "exit".
2017-01-03 13:13:36 INFO  main ApacheCliParser:parse:45 - Return com.sysgears.core.input.InputDataHolder
2017-01-03 13:13:36 INFO  main Command:apply:81 - Starts Command "exit"
2017-01-03 13:13:36 INFO  main Command:apply:83 - Attempts to stop all actively executing tasks, halts the processing of waiting tasks.
2017-01-03 13:13:36 INFO  main StreamController:sendMessage:68 - Send message to user. Message: "Good by!".
2017-01-03 13:13:36 INFO  main Command:apply:86 - Close BufferedWriter of stream Controller.
2017-01-03 13:14:03 INFO  main MainClass:main:33 - Start program.
2017-01-03 13:14:03 INFO  main AppExecutor:execute:65 - Starts to execute full cycle of applications work.
2017-01-03 13:14:03 INFO  main StreamController:sendMessage:68 - Send message to user. Message: "Enter parameters OR 'exit' to quit program".
2017-01-03 13:14:12 INFO  main StreamController:getMessage:52 - Get message from user. Message: "-c split -p /home/yevgen/IdeaProjects/FileFragmetation/core/src/main/resources/file.bmp -s 1M".
2017-01-03 13:14:12 INFO  main ApacheCliParser:parse:26 - Starts with parameter java.lang.String[] which includes [-c, split, -p, /home/yevgen/IdeaProjects/FileFragmetation/core/src/main/resources/file.bmp, -s, 1M]
2017-01-03 13:14:12 INFO  main InputDataHolder:<init>:28 - Create InputDataHolder with param class org.apache.commons.cli.CommandLine.
2017-01-03 13:14:12 INFO  main InputDataHolder:<init>:61 - User command "split". User's file object "file.bmp". Size of file part = 1000000 bytes.
2017-01-03 13:14:12 INFO  main ApacheCliParser:parse:45 - Return com.sysgears.core.input.InputDataHolder
2017-01-03 13:14:12 INFO  main Command:apply:30 - Starts with parameters:
		- class com.sysgears.core.input.InputDataHolder which includes Command "split", file object  "file.bmp", size of file part 1000000 bytes;
		- class java.util.concurrent.ThreadPoolExecutor with maximum allowed number of threads = 2
		- class com.sysgears.controller.StreamController
2017-01-03 13:14:12 INFO  main Command:apply:39 - Initialize StatisticService and Splitter.
2017-01-03 13:14:13 INFO  main Command:printStatistic:177 - Send statistic message to user. Message: Total progress: 100%, pool-1-thread-1: 100%, pool-1-thread-2: 100%, time remaining: 0.0s.
2017-01-03 13:14:13 INFO  main StreamController:sendMessage:68 - Send message to user. Message: "Total progress: 100%, pool-1-thread-1: 100%, pool-1-thread-2: 100%, time remaining: 0.0s.".
2017-01-03 13:14:13 INFO  main StreamController:sendMessage:68 - Send message to user. Message: "Enter parameters OR 'exit' to quit program".
2017-01-03 13:14:17 INFO  main StreamController:getMessage:52 - Get message from user. Message: "-c df".
2017-01-03 13:14:17 INFO  main ApacheCliParser:parse:26 - Starts with parameter java.lang.String[] which includes [-c, df]
2017-01-03 13:14:17 INFO  main InputDataHolder:<init>:28 - Create InputDataHolder with param class org.apache.commons.cli.CommandLine.
2017-01-03 13:14:17 ERROR main InputDataHolder:<init>:33 - Command 'df' is not supported
2017-01-03 13:14:17 INFO  main StreamController:sendMessage:68 - Send message to user. Message: "Input arguments are incorrect. Command 'df' is not supported".
2017-01-03 13:14:17 INFO  main StreamController:sendMessage:68 - Send message to user. Message: "Enter parameters OR 'exit' to quit program".
2017-01-03 13:14:22 INFO  main StreamController:getMessage:52 - Get message from user. Message: "s-c sdf".
2017-01-03 13:14:22 INFO  main ApacheCliParser:parse:26 - Starts with parameter java.lang.String[] which includes [s-c, sdf]
2017-01-03 13:14:22 INFO  main InputDataHolder:<init>:28 - Create InputDataHolder with param class org.apache.commons.cli.CommandLine.
2017-01-03 13:14:22 INFO  main StreamController:sendMessage:68 - Send message to user. Message: "Critical error. null".
2017-01-03 13:14:22 INFO  main StreamController:sendMessage:68 - Send message to user. Message: "Enter parameters OR 'exit' to quit program".
2017-01-03 13:14:27 INFO  main StreamController:getMessage:52 - Get message from user. Message: "sdfdf".
2017-01-03 13:14:27 INFO  main ApacheCliParser:parse:26 - Starts with parameter java.lang.String[] which includes [sdfdf]
2017-01-03 13:14:27 INFO  main InputDataHolder:<init>:28 - Create InputDataHolder with param class org.apache.commons.cli.CommandLine.
2017-01-03 13:14:27 INFO  main StreamController:sendMessage:68 - Send message to user. Message: "Critical error. null".
2017-01-03 13:14:27 INFO  main StreamController:sendMessage:68 - Send message to user. Message: "Enter parameters OR 'exit' to quit program".
2017-01-03 13:14:33 INFO  main StreamController:getMessage:52 - Get message from user. Message: "-c split -p /home/yevgen/IdeaProjects/FileFragmetation/core/src/main/resources/file.bmp -s 1M".
2017-01-03 13:14:33 INFO  main ApacheCliParser:parse:26 - Starts with parameter java.lang.String[] which includes [-c, split, -p, /home/yevgen/IdeaProjects/FileFragmetation/core/src/main/resources/file.bmp, -s, 1M]
2017-01-03 13:14:33 INFO  main InputDataHolder:<init>:28 - Create InputDataHolder with param class org.apache.commons.cli.CommandLine.
2017-01-03 13:14:33 INFO  main InputDataHolder:<init>:61 - User command "split". User's file object "file.bmp". Size of file part = 1000000 bytes.
2017-01-03 13:14:33 INFO  main ApacheCliParser:parse:45 - Return com.sysgears.core.input.InputDataHolder
2017-01-03 13:14:33 INFO  main Command:apply:30 - Starts with parameters:
		- class com.sysgears.core.input.InputDataHolder which includes Command "split", file object  "file.bmp", size of file part 1000000 bytes;
		- class java.util.concurrent.ThreadPoolExecutor with maximum allowed number of threads = 2
		- class com.sysgears.controller.StreamController
2017-01-03 13:14:33 INFO  main Command:apply:39 - Initialize StatisticService and Splitter.
2017-01-03 13:14:34 INFO  main Command:printStatistic:177 - Send statistic message to user. Message: Total progress: 100%, pool-1-thread-1: 100%, pool-1-thread-2: 100%, time remaining: 0.0s.
2017-01-03 13:14:34 INFO  main StreamController:sendMessage:68 - Send message to user. Message: "Total progress: 100%, pool-1-thread-1: 100%, pool-1-thread-2: 100%, time remaining: 0.0s.".
2017-01-03 13:14:34 INFO  main StreamController:sendMessage:68 - Send message to user. Message: "Enter parameters OR 'exit' to quit program".
2017-01-03 13:14:43 INFO  main StreamController:getMessage:52 - Get message from user. Message: "-c sdfgdf".
2017-01-03 13:14:43 INFO  main ApacheCliParser:parse:26 - Starts with parameter java.lang.String[] which includes [-c, sdfgdf]
2017-01-03 13:14:43 INFO  main InputDataHolder:<init>:28 - Create InputDataHolder with param class org.apache.commons.cli.CommandLine.
2017-01-03 13:14:43 ERROR main InputDataHolder:<init>:33 - Command 'sdfgdf' is not supported
2017-01-03 13:14:43 INFO  main StreamController:sendMessage:68 - Send message to user. Message: "Input arguments are incorrect. Command 'sdfgdf' is not supported".
2017-01-03 13:14:43 INFO  main StreamController:sendMessage:68 - Send message to user. Message: "Enter parameters OR 'exit' to quit program".
2017-01-03 13:14:48 INFO  main StreamController:getMessage:52 - Get message from user. Message: "-c sdfsdf".
2017-01-03 13:14:48 INFO  main ApacheCliParser:parse:26 - Starts with parameter java.lang.String[] which includes [-c, sdfsdf]
2017-01-03 13:14:48 INFO  main InputDataHolder:<init>:28 - Create InputDataHolder with param class org.apache.commons.cli.CommandLine.
2017-01-03 13:14:48 ERROR main InputDataHolder:<init>:33 - Command 'sdfsdf' is not supported
2017-01-03 13:14:48 INFO  main StreamController:sendMessage:68 - Send message to user. Message: "Input arguments are incorrect. Command 'sdfsdf' is not supported".
2017-01-03 13:14:48 INFO  main StreamController:sendMessage:68 - Send message to user. Message: "Enter parameters OR 'exit' to quit program".
2017-01-03 13:14:52 INFO  main StreamController:getMessage:52 - Get message from user. Message: "sdfsdf".
2017-01-03 13:14:52 INFO  main ApacheCliParser:parse:26 - Starts with parameter java.lang.String[] which includes [sdfsdf]
2017-01-03 13:14:52 INFO  main InputDataHolder:<init>:28 - Create InputDataHolder with param class org.apache.commons.cli.CommandLine.
2017-01-03 13:14:52 INFO  main StreamController:sendMessage:68 - Send message to user. Message: "Critical error. null".
2017-01-03 13:14:52 INFO  main StreamController:sendMessage:68 - Send message to user. Message: "Enter parameters OR 'exit' to quit program".
2017-01-03 13:14:57 INFO  main StreamController:getMessage:52 - Get message from user. Message: "-c exit".
2017-01-03 13:14:57 INFO  main ApacheCliParser:parse:26 - Starts with parameter java.lang.String[] which includes [-c, exit]
2017-01-03 13:14:57 INFO  main InputDataHolder:<init>:28 - Create InputDataHolder with param class org.apache.commons.cli.CommandLine.
2017-01-03 13:14:57 INFO  main InputDataHolder:<init>:67 - User command "exit".
2017-01-03 13:14:57 INFO  main ApacheCliParser:parse:45 - Return com.sysgears.core.input.InputDataHolder
2017-01-03 13:14:57 INFO  main Command:apply:81 - Starts Command "exit"
2017-01-03 13:14:57 INFO  main Command:apply:83 - Attempts to stop all actively executing tasks, halts the processing of waiting tasks.
2017-01-03 13:14:57 INFO  main StreamController:sendMessage:68 - Send message to user. Message: "Good by!".
2017-01-03 13:14:57 INFO  main Command:apply:86 - Close BufferedWriter of stream Controller.
2017-01-03 13:23:43 INFO  main MainClass:main:33 - Start program.
2017-01-03 13:23:43 INFO  main AppExecutor:execute:65 - Starts to execute full cycle of applications work.
2017-01-03 13:23:43 INFO  main StreamController:sendMessage:68 - Send message to user. Message: "Enter parameters OR 'exit' to quit program".
2017-01-03 13:24:06 INFO  main StreamController:getMessage:52 - Get message from user. Message: "-c split -p /home/yevgen/IdeaProjects/FileFragmetation/core/src/main/resources/file.bmp -s 1M".
2017-01-03 13:24:06 INFO  main ApacheCliParser:parse:26 - Starts with parameter java.lang.String[] which includes [-c, split, -p, /home/yevgen/IdeaProjects/FileFragmetation/core/src/main/resources/file.bmp, -s, 1M]
2017-01-03 13:24:06 INFO  main InputDataHolder:<init>:28 - Create InputDataHolder with param class org.apache.commons.cli.CommandLine.
2017-01-03 13:24:06 INFO  main InputDataHolder:<init>:61 - User command "split". User's file object "file.bmp". Size of file part = 1000000 bytes.
2017-01-03 13:24:06 INFO  main ApacheCliParser:parse:45 - Return com.sysgears.core.input.InputDataHolder
2017-01-03 13:24:06 INFO  main StreamController:sendMessage:68 - Send message to user. Message: "Critical error. No enum constant com.sysgears.core.input.Command.split".
2017-01-03 13:24:06 INFO  main StreamController:sendMessage:68 - Send message to user. Message: "Enter parameters OR 'exit' to quit program".
2017-01-03 13:25:00 INFO  main MainClass:main:33 - Start program.
2017-01-03 13:25:00 INFO  main AppExecutor:execute:65 - Starts to execute full cycle of applications work.
2017-01-03 13:25:00 INFO  main StreamController:sendMessage:68 - Send message to user. Message: "Enter parameters OR 'exit' to quit program".
2017-01-03 13:25:01 INFO  main StreamController:getMessage:52 - Get message from user. Message: "-c split -p /home/yevgen/IdeaProjects/FileFragmetation/core/src/main/resources/file.bmp -s 1M".
2017-01-03 13:25:01 INFO  main ApacheCliParser:parse:26 - Starts with parameter java.lang.String[] which includes [-c, split, -p, /home/yevgen/IdeaProjects/FileFragmetation/core/src/main/resources/file.bmp, -s, 1M]
2017-01-03 13:25:01 INFO  main InputDataHolder:<init>:28 - Create InputDataHolder with param class org.apache.commons.cli.CommandLine.
2017-01-03 13:25:01 INFO  main InputDataHolder:<init>:61 - User command "split". User's file object "file.bmp". Size of file part = 1000000 bytes.
2017-01-03 13:25:01 INFO  main ApacheCliParser:parse:45 - Return com.sysgears.core.input.InputDataHolder
2017-01-03 13:25:01 INFO  main Command:apply:30 - Starts with parameters:
		- class com.sysgears.core.input.InputDataHolder which includes Command "split", file object  "file.bmp", size of file part 1000000 bytes;
		- class java.util.concurrent.ThreadPoolExecutor with maximum allowed number of threads = 2
		- class com.sysgears.controller.StreamController
2017-01-03 13:25:01 INFO  main Command:apply:39 - Initialize StatisticService and Splitter.
2017-01-03 13:25:02 INFO  main Command:printStatistic:179 - Send statistic message to user. Message: Total progress: 100%, pool-1-thread-1: 100%, pool-1-thread-2: 100%, time remaining: 0.0s.
2017-01-03 13:25:02 INFO  main StreamController:sendMessage:68 - Send message to user. Message: "Total progress: 100%, pool-1-thread-1: 100%, pool-1-thread-2: 100%, time remaining: 0.0s.".
2017-01-03 13:25:02 INFO  main StreamController:sendMessage:68 - Send message to user. Message: "Enter parameters OR 'exit' to quit program".
2017-01-03 13:25:06 INFO  main StreamController:getMessage:52 - Get message from user. Message: "-c fgdf".
2017-01-03 13:25:06 INFO  main ApacheCliParser:parse:26 - Starts with parameter java.lang.String[] which includes [-c, fgdf]
2017-01-03 13:25:06 INFO  main InputDataHolder:<init>:28 - Create InputDataHolder with param class org.apache.commons.cli.CommandLine.
2017-01-03 13:25:06 ERROR main InputDataHolder:<init>:33 - Command 'fgdf' is not supported
2017-01-03 13:25:06 INFO  main StreamController:sendMessage:68 - Send message to user. Message: "Input arguments are incorrect. Command 'fgdf' is not supported".
2017-01-03 13:25:06 INFO  main StreamController:sendMessage:68 - Send message to user. Message: "Enter parameters OR 'exit' to quit program".
2017-01-03 13:25:11 INFO  main StreamController:getMessage:52 - Get message from user. Message: "-c exit".
2017-01-03 13:25:11 INFO  main ApacheCliParser:parse:26 - Starts with parameter java.lang.String[] which includes [-c, exit]
2017-01-03 13:25:11 INFO  main InputDataHolder:<init>:28 - Create InputDataHolder with param class org.apache.commons.cli.CommandLine.
2017-01-03 13:25:11 INFO  main InputDataHolder:<init>:67 - User command "exit".
2017-01-03 13:25:11 INFO  main ApacheCliParser:parse:45 - Return com.sysgears.core.input.InputDataHolder
2017-01-03 13:25:11 INFO  main Command:apply:81 - Starts Command "exit"
2017-01-03 13:25:11 INFO  main Command:apply:83 - Attempts to stop all actively executing tasks, halts the processing of waiting tasks.
2017-01-03 13:25:11 INFO  main StreamController:sendMessage:68 - Send message to user. Message: "Good by!".
2017-01-03 13:25:11 INFO  main Command:apply:86 - Close BufferedWriter of stream Controller.
2017-01-03 13:28:18 INFO  main MainClass:main:33 - Start program.
2017-01-03 13:28:18 INFO  main AppExecutor:execute:65 - Starts to execute full cycle of applications work.
2017-01-03 13:28:18 INFO  main StreamController:sendMessage:68 - Send message to user. Message: "Enter parameters OR 'exit' to quit program".
2017-01-03 13:28:21 INFO  main StreamController:getMessage:52 - Get message from user. Message: "-c split -p /home/yevgen/IdeaProjects/FileFragmetation/core/src/main/resources/file.bmp -s 1M".
2017-01-03 13:28:21 INFO  main ApacheCliParser:parse:26 - Starts with parameter java.lang.String[] which includes [-c, split, -p, /home/yevgen/IdeaProjects/FileFragmetation/core/src/main/resources/file.bmp, -s, 1M]
2017-01-03 13:28:21 INFO  main InputDataHolder:<init>:28 - Create InputDataHolder with param class org.apache.commons.cli.CommandLine.
2017-01-03 13:28:21 INFO  main InputDataHolder:<init>:61 - User command "split". User's file object "file.bmp". Size of file part = 1000000 bytes.
2017-01-03 13:28:21 INFO  main ApacheCliParser:parse:45 - Return com.sysgears.core.input.InputDataHolder
2017-01-03 13:28:21 INFO  main Command:getCommandByValue:129 - Create Command "split".
2017-01-03 13:28:21 INFO  main Command:apply:30 - Starts with parameters:
		- class com.sysgears.core.input.InputDataHolder which includes Command "split", file object  "file.bmp", size of file part 1000000 bytes;
		- class java.util.concurrent.ThreadPoolExecutor with maximum allowed number of threads = 2
		- class com.sysgears.controller.StreamController
2017-01-03 13:28:21 INFO  main Command:apply:39 - Initialize StatisticService and Splitter.
2017-01-03 13:28:22 INFO  main Command:printStatistic:166 - Send statistic message to user. Message: Total progress: 100%, pool-1-thread-1: 100%, pool-1-thread-2: 100%, time remaining: 0.0s.
2017-01-03 13:28:22 INFO  main StreamController:sendMessage:68 - Send message to user. Message: "Total progress: 100%, pool-1-thread-1: 100%, pool-1-thread-2: 100%, time remaining: 0.0s.".
2017-01-03 13:28:22 INFO  main StreamController:sendMessage:68 - Send message to user. Message: "Enter parameters OR 'exit' to quit program".
2017-01-03 13:28:26 INFO  main StreamController:getMessage:52 - Get message from user. Message: "-c exit".
2017-01-03 13:28:26 INFO  main ApacheCliParser:parse:26 - Starts with parameter java.lang.String[] which includes [-c, exit]
2017-01-03 13:28:26 INFO  main InputDataHolder:<init>:28 - Create InputDataHolder with param class org.apache.commons.cli.CommandLine.
2017-01-03 13:28:26 INFO  main InputDataHolder:<init>:67 - User command "exit".
2017-01-03 13:28:26 INFO  main ApacheCliParser:parse:45 - Return com.sysgears.core.input.InputDataHolder
2017-01-03 13:28:26 INFO  main Command:getCommandByValue:129 - Create Command "exit".
2017-01-03 13:28:26 INFO  main Command:apply:81 - Starts Command "exit"
2017-01-03 13:28:26 INFO  main Command:apply:83 - Attempts to stop all actively executing tasks, halts the processing of waiting tasks.
2017-01-03 13:28:26 INFO  main StreamController:sendMessage:68 - Send message to user. Message: "Good by!".
2017-01-03 13:28:26 INFO  main Command:apply:86 - Close BufferedWriter of stream Controller.
2017-01-03 15:20:42 INFO  main MainClass:main:33 - Start program.
2017-01-03 15:20:42 INFO  main AppExecutor:execute:65 - Starts to execute full cycle of applications work.
2017-01-03 15:20:42 INFO  main StreamController:sendMessage:68 - Send message to user. Message: "Enter parameters OR 'exit' to quit program".
2017-01-03 15:20:49 INFO  main StreamController:getMessage:52 - Get message from user. Message: "-c exit".
2017-01-03 15:20:49 INFO  main ApacheCliParser:parse:25 - Starts with parameter java.lang.String[] which includes [-c, exit]
2017-01-03 15:20:49 INFO  main InputDataHolder:<init>:28 - Create InputDataHolder with param class org.apache.commons.cli.CommandLine.
2017-01-03 15:20:49 INFO  main InputDataHolder:<init>:67 - User command "exit".
2017-01-03 15:20:49 INFO  main ApacheCliParser:parse:44 - Return com.sysgears.core.input.InputDataHolder
2017-01-03 15:20:49 INFO  main Command:getCommandByValue:127 - Create Command "exit".
2017-01-03 15:20:49 INFO  main Command:apply:80 - Starts Command "exit"
2017-01-03 15:20:49 INFO  main Command:apply:82 - Attempts to stop all actively executing tasks, halts the processing of waiting tasks.
2017-01-03 15:20:49 INFO  main StreamController:sendMessage:68 - Send message to user. Message: "Good by!".
2017-01-03 15:20:49 INFO  main StreamController:closeController:98 - Close BufferedWriter of stream Controller.
2017-01-03 15:39:32 INFO  main MainClass:main:33 - Start program.
2017-01-03 15:39:32 INFO  main AppExecutor:execute:65 - Starts to execute full cycle of applications work.
2017-01-03 15:39:32 INFO  main StreamController:sendMessage:68 - Send message to user. Message: "Enter parameters OR 'exit' to quit program".
2017-01-03 15:39:53 INFO  main MainClass:main:33 - Start program.
2017-01-03 15:39:53 INFO  main AppExecutor:execute:65 - Starts to execute full cycle of applications work.
2017-01-03 15:39:53 INFO  main StreamController:sendMessage:68 - Send message to user. Message: "Enter parameters OR 'exit' to quit program".
2017-01-03 15:40:12 INFO  main StreamController:getMessage:52 - Get message from user. Message: "-c split -p /home/yevgen/IdeaProjects/FileFragmetation/core/src/main/resources/file.bmp -s 1M".
2017-01-03 15:40:12 INFO  main ApacheCliParser:parse:25 - Starts with parameter java.lang.String[] which includes [-c, split, -p, /home/yevgen/IdeaProjects/FileFragmetation/core/src/main/resources/file.bmp, -s, 1M]
2017-01-03 15:40:12 INFO  main InputDataHolder:<init>:28 - Create InputDataHolder with param class org.apache.commons.cli.CommandLine.
2017-01-03 15:40:12 INFO  main InputDataHolder:<init>:61 - User command "split". User's file object "file.bmp". Size of file part = 1000000 bytes.
2017-01-03 15:40:12 INFO  main ApacheCliParser:parse:44 - Return com.sysgears.core.input.InputDataHolder
2017-01-03 15:40:12 INFO  main Command:getCommandByValue:127 - Create Command "split".
2017-01-03 15:40:12 INFO  main Command:apply:29 - Starts with parameters:
		- class com.sysgears.core.input.InputDataHolder which includes Command "split", file object  "file.bmp", size of file part 1000000 bytes;
		- class java.util.concurrent.ThreadPoolExecutor with maximum allowed number of threads = 2
		- class com.sysgears.controller.StreamController
2017-01-03 15:40:12 INFO  main Command:apply:38 - Initialize StatisticService and Splitter.
2017-01-03 15:40:13 INFO  main StreamController:sendMessage:68 - Send message to user. Message: "Total progress: 100%, pool-1-thread-1: 100%, pool-1-thread-2: 100%, time remaining: 0.0s.".
2017-01-03 15:40:13 INFO  main StreamController:sendMessage:68 - Send message to user. Message: "Enter parameters OR 'exit' to quit program".
2017-01-03 15:42:40 INFO  main StreamController:getMessage:52 - Get message from user. Message: "-c dfs".
2017-01-03 15:42:40 INFO  main ApacheCliParser:parse:25 - Starts with parameter java.lang.String[] which includes [-c, dfs]
2017-01-03 15:42:40 INFO  main InputDataHolder:<init>:28 - Create InputDataHolder with param class org.apache.commons.cli.CommandLine.
2017-01-03 15:42:40 ERROR main InputDataHolder:<init>:33 - Command 'dfs' is not supported
2017-01-03 15:42:40 INFO  main StreamController:sendMessage:68 - Send message to user. Message: "Input arguments are incorrect. Command 'dfs' is not supported".
2017-01-03 15:42:40 INFO  main StreamController:sendMessage:68 - Send message to user. Message: "Enter parameters OR 'exit' to quit program".
2017-01-03 15:43:14 INFO  main StreamController:getMessage:52 - Get message from user. Message: "-c exit".
2017-01-03 15:43:14 INFO  main ApacheCliParser:parse:25 - Starts with parameter java.lang.String[] which includes [-c, exit]
2017-01-03 15:43:14 INFO  main InputDataHolder:<init>:28 - Create InputDataHolder with param class org.apache.commons.cli.CommandLine.
2017-01-03 15:43:14 INFO  main InputDataHolder:<init>:67 - User command "exit".
2017-01-03 15:43:14 INFO  main ApacheCliParser:parse:44 - Return com.sysgears.core.input.InputDataHolder
2017-01-03 15:43:14 INFO  main Command:getCommandByValue:127 - Create Command "exit".
2017-01-03 15:43:14 INFO  main Command:apply:80 - Starts Command "exit"
2017-01-03 15:43:14 INFO  main Command:apply:82 - Attempts to stop all actively executing tasks, halts the processing of waiting tasks.
2017-01-03 15:43:14 INFO  main StreamController:sendMessage:68 - Send message to user. Message: "Good by!".
2017-01-03 15:43:14 INFO  main StreamController:closeController:101 - Close BufferedWriter of stream Controller.
