2017-01-10 16:08:52 DEBUG main Splitter:<init>:49 - Initialize Splitter with params: ThreadPoolExecutor maximum pool size = 2; default size of buffer = 1000 bytes.
2017-01-10 16:08:52 DEBUG main Splitter:split:76 - params: StatisticServiceImpl;  file /home/yevgen/IdeaProjects/FileFragmetation/core/src/main/resources/file.bmp; max part size = 1000000 bytes.
2017-01-10 16:08:52 DEBUG main Splitter:split:93 - Execute task number 1
2017-01-10 16:08:52 DEBUG main Splitter:split:93 - Execute task number 2
2017-01-10 16:08:52 DEBUG main Splitter:split:93 - Execute task number 3
2017-01-10 16:08:52 DEBUG main Splitter:split:93 - Execute task number 4
2017-01-10 16:08:52 DEBUG main Splitter:split:93 - Execute task number 5
2017-01-10 16:08:52 DEBUG main Splitter:split:93 - Execute task number 6
2017-01-10 16:08:52 DEBUG main Splitter:split:93 - Execute task number 7
2017-01-10 16:08:52 DEBUG main Splitter:split:93 - Execute task number 8
2017-01-10 16:08:52 DEBUG main Splitter:split:93 - Execute task number 9
2017-01-10 16:08:52 DEBUG main Splitter:split:93 - Execute task number 10
2017-01-10 16:08:52 DEBUG main Splitter:split:93 - Execute task number 11
2017-01-10 16:08:52 DEBUG main Splitter:split:93 - Execute task number 12
2017-01-10 16:08:52 DEBUG main Splitter:split:93 - Execute task number 13
2017-01-10 16:08:52 DEBUG main Splitter:split:93 - Execute task number 14
2017-01-10 16:08:52 DEBUG main Splitter:split:93 - Execute task number 15
2017-01-10 16:08:52 DEBUG main Splitter:split:93 - Execute task number 16
2017-01-10 16:08:52 DEBUG main Splitter:split:93 - Execute task number 17
2017-01-10 16:08:52 DEBUG main Splitter:split:93 - Execute task number 18
2017-01-10 16:08:52 DEBUG main Splitter:split:93 - Execute task number 19
2017-01-10 16:08:52 DEBUG main Splitter:split:93 - Execute task number 20
2017-01-10 16:08:52 DEBUG main Splitter:split:93 - Execute task number 21
2017-01-10 16:08:52 DEBUG main Splitter:split:93 - Execute task number 22
2017-01-10 16:08:52 DEBUG main Splitter:split:93 - Execute task number 23
2017-01-10 16:08:52 DEBUG main Splitter:split:93 - Execute task number 24
2017-01-10 16:08:52 DEBUG main Splitter:split:93 - Execute task number 25
2017-01-10 16:08:52 DEBUG main Splitter:split:93 - Execute task number 26
2017-01-10 16:08:52 DEBUG main Splitter:split:93 - Execute task number 27
2017-01-10 16:08:52 DEBUG main Splitter:split:93 - Execute task number 28
2017-01-10 16:08:52 DEBUG main Splitter:split:93 - Execute task number 29
2017-01-10 16:08:52 DEBUG main Splitter:split:93 - Execute task number 30
2017-01-10 16:08:52 DEBUG main Splitter:split:93 - Execute task number 31
2017-01-10 16:08:52 DEBUG main Splitter:split:93 - Execute task number 32
2017-01-10 16:08:52 DEBUG main Splitter:split:93 - Execute task number 33
2017-01-10 16:08:52 DEBUG main Splitter:split:93 - Execute task number 34
2017-01-10 16:08:52 DEBUG main Splitter:split:93 - Execute task number 35
2017-01-10 16:08:52 DEBUG main Splitter:split:93 - Execute task number 36
2017-01-10 16:08:52 DEBUG main Splitter:split:93 - Execute task number 37
2017-01-10 16:08:52 DEBUG main Splitter:split:93 - Execute task number 38
2017-01-10 16:09:03 DEBUG main Joiner:<init>:47 - Initialize Joiner with next params: ThreadPoolExecutor maximum pool size = 2; default size of buffer = 1000 bytes.
2017-01-10 16:09:03 DEBUG main Joiner:join:74 - params: StatisticServiceImpl;  file /home/yevgen/IdeaProjects/FileFragmetation/core/src/main/resources/file.bmp_part_0.
2017-01-10 16:09:03 DEBUG main Joiner:join:85 - Execute task number 1
2017-01-10 16:09:03 DEBUG main Joiner:join:85 - Execute task number 2
2017-01-10 16:09:03 DEBUG main Joiner:join:85 - Execute task number 3
2017-01-10 16:09:03 DEBUG main Joiner:join:85 - Execute task number 4
2017-01-10 16:09:03 DEBUG main Joiner:join:85 - Execute task number 5
2017-01-10 16:09:03 DEBUG main Joiner:join:85 - Execute task number 6
2017-01-10 16:09:03 DEBUG main Joiner:join:85 - Execute task number 7
2017-01-10 16:09:03 DEBUG main Joiner:join:85 - Execute task number 8
2017-01-10 16:09:03 DEBUG main Joiner:join:85 - Execute task number 9
2017-01-10 16:09:03 DEBUG main Joiner:join:85 - Execute task number 10
2017-01-10 16:09:03 DEBUG main Joiner:join:85 - Execute task number 11
2017-01-10 16:09:03 DEBUG main Joiner:join:85 - Execute task number 12
2017-01-10 16:09:03 DEBUG main Joiner:join:85 - Execute task number 13
2017-01-10 16:09:03 DEBUG main Joiner:join:85 - Execute task number 14
2017-01-10 16:09:03 DEBUG main Joiner:join:85 - Execute task number 15
2017-01-10 16:09:03 DEBUG main Joiner:join:85 - Execute task number 16
2017-01-10 16:09:03 DEBUG main Joiner:join:85 - Execute task number 17
2017-01-10 16:09:03 DEBUG main Joiner:join:85 - Execute task number 18
2017-01-10 16:09:03 DEBUG main Joiner:join:85 - Execute task number 19
2017-01-10 16:09:03 DEBUG main Joiner:join:85 - Execute task number 20
2017-01-10 16:09:03 DEBUG main Joiner:join:85 - Execute task number 21
2017-01-10 16:09:03 DEBUG main Joiner:join:85 - Execute task number 22
2017-01-10 16:09:03 DEBUG main Joiner:join:85 - Execute task number 23
2017-01-10 16:09:03 DEBUG main Joiner:join:85 - Execute task number 24
2017-01-10 16:09:03 DEBUG main Joiner:join:85 - Execute task number 25
2017-01-10 16:09:03 DEBUG main Joiner:join:85 - Execute task number 26
2017-01-10 16:09:03 DEBUG main Joiner:join:85 - Execute task number 27
2017-01-10 16:09:03 DEBUG main Joiner:join:85 - Execute task number 28
2017-01-10 16:09:03 DEBUG main Joiner:join:85 - Execute task number 29
2017-01-10 16:09:03 DEBUG main Joiner:join:85 - Execute task number 30
2017-01-10 16:09:03 DEBUG main Joiner:join:85 - Execute task number 31
2017-01-10 16:09:03 DEBUG main Joiner:join:85 - Execute task number 32
2017-01-10 16:09:03 DEBUG main Joiner:join:85 - Execute task number 33
2017-01-10 16:09:03 DEBUG main Joiner:join:85 - Execute task number 34
2017-01-10 16:09:03 DEBUG main Joiner:join:85 - Execute task number 35
2017-01-10 16:09:03 DEBUG main Joiner:join:85 - Execute task number 36
2017-01-10 16:09:03 DEBUG main Joiner:join:85 - Execute task number 37
2017-01-10 16:09:03 DEBUG main Joiner:join:85 - Execute task number 38
