2017-01-06 17:56:53 TRACE Task - Initialize Task com.sysgears.fragmentation.Task@254989ff with next param:
		- file from which need to read bytes /home/yevgen/IdeaProjects/FileFragmetation/core/src/main/resources/file.bmp;
		- position of bytes which need to read in source file 0;
		- length of bytes which need to read in source file 1000000;
		- file into which need to write bytes /home/yevgen/IdeaProjects/FileFragmetation/core/src/main/resources/file.bmp_part_0;
		- position in file destination where need to write bytes 0;
		- object which stored statistic of work class com.sysgears.statistic.StatisticServiceImpl;
		- buffer for reading and writing bytes with size 1000.
2017-01-06 17:56:53 TRACE Task - Initialize Task com.sysgears.fragmentation.Task@37f8bb67 with next param:
		- file from which need to read bytes /home/yevgen/IdeaProjects/FileFragmetation/core/src/main/resources/file.bmp;
		- position of bytes which need to read in source file 1000000;
		- length of bytes which need to read in source file 1000000;
		- file into which need to write bytes /home/yevgen/IdeaProjects/FileFragmetation/core/src/main/resources/file.bmp_part_1;
		- position in file destination where need to write bytes 0;
		- object which stored statistic of work class com.sysgears.statistic.StatisticServiceImpl;
		- buffer for reading and writing bytes with size 1000.
2017-01-06 17:56:53 TRACE Task - Starts run() for Task com.sysgears.fragmentation.Task@254989ff in Thread pool-1-thread-1
2017-01-06 17:56:53 TRACE Task - Initialize Task com.sysgears.fragmentation.Task@5197848c with next param:
		- file from which need to read bytes /home/yevgen/IdeaProjects/FileFragmetation/core/src/main/resources/file.bmp;
		- position of bytes which need to read in source file 2000000;
		- length of bytes which need to read in source file 1000000;
		- file into which need to write bytes /home/yevgen/IdeaProjects/FileFragmetation/core/src/main/resources/file.bmp_part_2;
		- position in file destination where need to write bytes 0;
		- object which stored statistic of work class com.sysgears.statistic.StatisticServiceImpl;
		- buffer for reading and writing bytes with size 1000.
2017-01-06 17:56:53 TRACE Task - Starts run() for Task com.sysgears.fragmentation.Task@37f8bb67 in Thread pool-1-thread-2
2017-01-06 17:56:53 TRACE Task - Initialize Task com.sysgears.fragmentation.Task@17f052a3 with next param:
		- file from which need to read bytes /home/yevgen/IdeaProjects/FileFragmetation/core/src/main/resources/file.bmp;
		- position of bytes which need to read in source file 3000000;
		- length of bytes which need to read in source file 1000000;
		- file into which need to write bytes /home/yevgen/IdeaProjects/FileFragmetation/core/src/main/resources/file.bmp_part_3;
		- position in file destination where need to write bytes 0;
		- object which stored statistic of work class com.sysgears.statistic.StatisticServiceImpl;
		- buffer for reading and writing bytes with size 1000.
2017-01-06 17:56:53 TRACE Task - Initialize Task com.sysgears.fragmentation.Task@2e0fa5d3 with next param:
		- file from which need to read bytes /home/yevgen/IdeaProjects/FileFragmetation/core/src/main/resources/file.bmp;
		- position of bytes which need to read in source file 4000000;
		- length of bytes which need to read in source file 1000000;
		- file into which need to write bytes /home/yevgen/IdeaProjects/FileFragmetation/core/src/main/resources/file.bmp_part_4;
		- position in file destination where need to write bytes 0;
		- object which stored statistic of work class com.sysgears.statistic.StatisticServiceImpl;
		- buffer for reading and writing bytes with size 1000.
2017-01-06 17:56:53 TRACE Task - Initialize Task com.sysgears.fragmentation.Task@5010be6 with next param:
		- file from which need to read bytes /home/yevgen/IdeaProjects/FileFragmetation/core/src/main/resources/file.bmp;
		- position of bytes which need to read in source file 5000000;
		- length of bytes which need to read in source file 1000000;
		- file into which need to write bytes /home/yevgen/IdeaProjects/FileFragmetation/core/src/main/resources/file.bmp_part_5;
		- position in file destination where need to write bytes 0;
		- object which stored statistic of work class com.sysgears.statistic.StatisticServiceImpl;
		- buffer for reading and writing bytes with size 1000.
2017-01-06 17:56:53 TRACE Task - Initialize Task com.sysgears.fragmentation.Task@685f4c2e with next param:
		- file from which need to read bytes /home/yevgen/IdeaProjects/FileFragmetation/core/src/main/resources/file.bmp;
		- position of bytes which need to read in source file 6000000;
		- length of bytes which need to read in source file 1000000;
		- file into which need to write bytes /home/yevgen/IdeaProjects/FileFragmetation/core/src/main/resources/file.bmp_part_6;
		- position in file destination where need to write bytes 0;
		- object which stored statistic of work class com.sysgears.statistic.StatisticServiceImpl;
		- buffer for reading and writing bytes with size 1000.
2017-01-06 17:56:53 TRACE Task - Initialize Task com.sysgears.fragmentation.Task@7daf6ecc with next param:
		- file from which need to read bytes /home/yevgen/IdeaProjects/FileFragmetation/core/src/main/resources/file.bmp;
		- position of bytes which need to read in source file 7000000;
		- length of bytes which need to read in source file 1000000;
		- file into which need to write bytes /home/yevgen/IdeaProjects/FileFragmetation/core/src/main/resources/file.bmp_part_7;
		- position in file destination where need to write bytes 0;
		- object which stored statistic of work class com.sysgears.statistic.StatisticServiceImpl;
		- buffer for reading and writing bytes with size 1000.
2017-01-06 17:56:53 TRACE Task - Initialize Task com.sysgears.fragmentation.Task@2e5d6d97 with next param:
		- file from which need to read bytes /home/yevgen/IdeaProjects/FileFragmetation/core/src/main/resources/file.bmp;
		- position of bytes which need to read in source file 8000000;
		- length of bytes which need to read in source file 1000000;
		- file into which need to write bytes /home/yevgen/IdeaProjects/FileFragmetation/core/src/main/resources/file.bmp_part_8;
		- position in file destination where need to write bytes 0;
		- object which stored statistic of work class com.sysgears.statistic.StatisticServiceImpl;
		- buffer for reading and writing bytes with size 1000.
2017-01-06 17:56:53 TRACE Task - Initialize Task com.sysgears.fragmentation.Task@238e0d81 with next param:
		- file from which need to read bytes /home/yevgen/IdeaProjects/FileFragmetation/core/src/main/resources/file.bmp;
		- position of bytes which need to read in source file 9000000;
		- length of bytes which need to read in source file 1000000;
		- file into which need to write bytes /home/yevgen/IdeaProjects/FileFragmetation/core/src/main/resources/file.bmp_part_9;
		- position in file destination where need to write bytes 0;
		- object which stored statistic of work class com.sysgears.statistic.StatisticServiceImpl;
		- buffer for reading and writing bytes with size 1000.
2017-01-06 17:56:53 TRACE Task - Initialize Task com.sysgears.fragmentation.Task@31221be2 with next param:
		- file from which need to read bytes /home/yevgen/IdeaProjects/FileFragmetation/core/src/main/resources/file.bmp;
		- position of bytes which need to read in source file 10000000;
		- length of bytes which need to read in source file 1000000;
		- file into which need to write bytes /home/yevgen/IdeaProjects/FileFragmetation/core/src/main/resources/file.bmp_part_10;
		- position in file destination where need to write bytes 0;
		- object which stored statistic of work class com.sysgears.statistic.StatisticServiceImpl;
		- buffer for reading and writing bytes with size 1000.
2017-01-06 17:56:53 TRACE Task - Initialize Task com.sysgears.fragmentation.Task@377dca04 with next param:
		- file from which need to read bytes /home/yevgen/IdeaProjects/FileFragmetation/core/src/main/resources/file.bmp;
		- position of bytes which need to read in source file 11000000;
		- length of bytes which need to read in source file 1000000;
		- file into which need to write bytes /home/yevgen/IdeaProjects/FileFragmetation/core/src/main/resources/file.bmp_part_11;
		- position in file destination where need to write bytes 0;
		- object which stored statistic of work class com.sysgears.statistic.StatisticServiceImpl;
		- buffer for reading and writing bytes with size 1000.
2017-01-06 17:56:53 TRACE Task - Initialize Task com.sysgears.fragmentation.Task@728938a9 with next param:
		- file from which need to read bytes /home/yevgen/IdeaProjects/FileFragmetation/core/src/main/resources/file.bmp;
		- position of bytes which need to read in source file 12000000;
		- length of bytes which need to read in source file 1000000;
		- file into which need to write bytes /home/yevgen/IdeaProjects/FileFragmetation/core/src/main/resources/file.bmp_part_12;
		- position in file destination where need to write bytes 0;
		- object which stored statistic of work class com.sysgears.statistic.StatisticServiceImpl;
		- buffer for reading and writing bytes with size 1000.
2017-01-06 17:56:53 TRACE Task - Initialize Task com.sysgears.fragmentation.Task@21b8d17c with next param:
		- file from which need to read bytes /home/yevgen/IdeaProjects/FileFragmetation/core/src/main/resources/file.bmp;
		- position of bytes which need to read in source file 13000000;
		- length of bytes which need to read in source file 1000000;
		- file into which need to write bytes /home/yevgen/IdeaProjects/FileFragmetation/core/src/main/resources/file.bmp_part_13;
		- position in file destination where need to write bytes 0;
		- object which stored statistic of work class com.sysgears.statistic.StatisticServiceImpl;
		- buffer for reading and writing bytes with size 1000.
2017-01-06 17:56:53 TRACE Task - Initialize Task com.sysgears.fragmentation.Task@6433a2 with next param:
		- file from which need to read bytes /home/yevgen/IdeaProjects/FileFragmetation/core/src/main/resources/file.bmp;
		- position of bytes which need to read in source file 14000000;
		- length of bytes which need to read in source file 1000000;
		- file into which need to write bytes /home/yevgen/IdeaProjects/FileFragmetation/core/src/main/resources/file.bmp_part_14;
		- position in file destination where need to write bytes 0;
		- object which stored statistic of work class com.sysgears.statistic.StatisticServiceImpl;
		- buffer for reading and writing bytes with size 1000.
2017-01-06 17:56:53 TRACE Task - Initialize Task com.sysgears.fragmentation.Task@5910e440 with next param:
		- file from which need to read bytes /home/yevgen/IdeaProjects/FileFragmetation/core/src/main/resources/file.bmp;
		- position of bytes which need to read in source file 15000000;
		- length of bytes which need to read in source file 1000000;
		- file into which need to write bytes /home/yevgen/IdeaProjects/FileFragmetation/core/src/main/resources/file.bmp_part_15;
		- position in file destination where need to write bytes 0;
		- object which stored statistic of work class com.sysgears.statistic.StatisticServiceImpl;
		- buffer for reading and writing bytes with size 1000.
2017-01-06 17:56:53 TRACE Task - Initialize Task com.sysgears.fragmentation.Task@6267c3bb with next param:
		- file from which need to read bytes /home/yevgen/IdeaProjects/FileFragmetation/core/src/main/resources/file.bmp;
		- position of bytes which need to read in source file 16000000;
		- length of bytes which need to read in source file 1000000;
		- file into which need to write bytes /home/yevgen/IdeaProjects/FileFragmetation/core/src/main/resources/file.bmp_part_16;
		- position in file destination where need to write bytes 0;
		- object which stored statistic of work class com.sysgears.statistic.StatisticServiceImpl;
		- buffer for reading and writing bytes with size 1000.
2017-01-06 17:56:53 TRACE Task - Initialize Task com.sysgears.fragmentation.Task@533ddba with next param:
		- file from which need to read bytes /home/yevgen/IdeaProjects/FileFragmetation/core/src/main/resources/file.bmp;
		- position of bytes which need to read in source file 17000000;
		- length of bytes which need to read in source file 1000000;
		- file into which need to write bytes /home/yevgen/IdeaProjects/FileFragmetation/core/src/main/resources/file.bmp_part_17;
		- position in file destination where need to write bytes 0;
		- object which stored statistic of work class com.sysgears.statistic.StatisticServiceImpl;
		- buffer for reading and writing bytes with size 1000.
2017-01-06 17:56:53 TRACE Task - Initialize Task com.sysgears.fragmentation.Task@246b179d with next param:
		- file from which need to read bytes /home/yevgen/IdeaProjects/FileFragmetation/core/src/main/resources/file.bmp;
		- position of bytes which need to read in source file 18000000;
		- length of bytes which need to read in source file 1000000;
		- file into which need to write bytes /home/yevgen/IdeaProjects/FileFragmetation/core/src/main/resources/file.bmp_part_18;
		- position in file destination where need to write bytes 0;
		- object which stored statistic of work class com.sysgears.statistic.StatisticServiceImpl;
		- buffer for reading and writing bytes with size 1000.
2017-01-06 17:56:53 TRACE Task - Initialize Task com.sysgears.fragmentation.Task@7a07c5b4 with next param:
		- file from which need to read bytes /home/yevgen/IdeaProjects/FileFragmetation/core/src/main/resources/file.bmp;
		- position of bytes which need to read in source file 19000000;
		- length of bytes which need to read in source file 1000000;
		- file into which need to write bytes /home/yevgen/IdeaProjects/FileFragmetation/core/src/main/resources/file.bmp_part_19;
		- position in file destination where need to write bytes 0;
		- object which stored statistic of work class com.sysgears.statistic.StatisticServiceImpl;
		- buffer for reading and writing bytes with size 1000.
2017-01-06 17:56:53 TRACE Task - Initialize Task com.sysgears.fragmentation.Task@26a1ab54 with next param:
		- file from which need to read bytes /home/yevgen/IdeaProjects/FileFragmetation/core/src/main/resources/file.bmp;
		- position of bytes which need to read in source file 20000000;
		- length of bytes which need to read in source file 1000000;
		- file into which need to write bytes /home/yevgen/IdeaProjects/FileFragmetation/core/src/main/resources/file.bmp_part_20;
		- position in file destination where need to write bytes 0;
		- object which stored statistic of work class com.sysgears.statistic.StatisticServiceImpl;
		- buffer for reading and writing bytes with size 1000.
2017-01-06 17:56:53 TRACE Task - Initialize Task com.sysgears.fragmentation.Task@3d646c37 with next param:
		- file from which need to read bytes /home/yevgen/IdeaProjects/FileFragmetation/core/src/main/resources/file.bmp;
		- position of bytes which need to read in source file 21000000;
		- length of bytes which need to read in source file 1000000;
		- file into which need to write bytes /home/yevgen/IdeaProjects/FileFragmetation/core/src/main/resources/file.bmp_part_21;
		- position in file destination where need to write bytes 0;
		- object which stored statistic of work class com.sysgears.statistic.StatisticServiceImpl;
		- buffer for reading and writing bytes with size 1000.
2017-01-06 17:56:53 TRACE Task - Initialize Task com.sysgears.fragmentation.Task@41cf53f9 with next param:
		- file from which need to read bytes /home/yevgen/IdeaProjects/FileFragmetation/core/src/main/resources/file.bmp;
		- position of bytes which need to read in source file 22000000;
		- length of bytes which need to read in source file 1000000;
		- file into which need to write bytes /home/yevgen/IdeaProjects/FileFragmetation/core/src/main/resources/file.bmp_part_22;
		- position in file destination where need to write bytes 0;
		- object which stored statistic of work class com.sysgears.statistic.StatisticServiceImpl;
		- buffer for reading and writing bytes with size 1000.
2017-01-06 17:56:53 TRACE Task - Initialize Task com.sysgears.fragmentation.Task@5a10411 with next param:
		- file from which need to read bytes /home/yevgen/IdeaProjects/FileFragmetation/core/src/main/resources/file.bmp;
		- position of bytes which need to read in source file 23000000;
		- length of bytes which need to read in source file 1000000;
		- file into which need to write bytes /home/yevgen/IdeaProjects/FileFragmetation/core/src/main/resources/file.bmp_part_23;
		- position in file destination where need to write bytes 0;
		- object which stored statistic of work class com.sysgears.statistic.StatisticServiceImpl;
		- buffer for reading and writing bytes with size 1000.
2017-01-06 17:56:53 TRACE Task - Initialize Task com.sysgears.fragmentation.Task@2ef1e4fa with next param:
		- file from which need to read bytes /home/yevgen/IdeaProjects/FileFragmetation/core/src/main/resources/file.bmp;
		- position of bytes which need to read in source file 24000000;
		- length of bytes which need to read in source file 1000000;
		- file into which need to write bytes /home/yevgen/IdeaProjects/FileFragmetation/core/src/main/resources/file.bmp_part_24;
		- position in file destination where need to write bytes 0;
		- object which stored statistic of work class com.sysgears.statistic.StatisticServiceImpl;
		- buffer for reading and writing bytes with size 1000.
2017-01-06 17:56:53 TRACE Task - Initialize Task com.sysgears.fragmentation.Task@306a30c7 with next param:
		- file from which need to read bytes /home/yevgen/IdeaProjects/FileFragmetation/core/src/main/resources/file.bmp;
		- position of bytes which need to read in source file 25000000;
		- length of bytes which need to read in source file 1000000;
		- file into which need to write bytes /home/yevgen/IdeaProjects/FileFragmetation/core/src/main/resources/file.bmp_part_25;
		- position in file destination where need to write bytes 0;
		- object which stored statistic of work class com.sysgears.statistic.StatisticServiceImpl;
		- buffer for reading and writing bytes with size 1000.
2017-01-06 17:56:53 TRACE Task - Initialize Task com.sysgears.fragmentation.Task@b81eda8 with next param:
		- file from which need to read bytes /home/yevgen/IdeaProjects/FileFragmetation/core/src/main/resources/file.bmp;
		- position of bytes which need to read in source file 26000000;
		- length of bytes which need to read in source file 1000000;
		- file into which need to write bytes /home/yevgen/IdeaProjects/FileFragmetation/core/src/main/resources/file.bmp_part_26;
		- position in file destination where need to write bytes 0;
		- object which stored statistic of work class com.sysgears.statistic.StatisticServiceImpl;
		- buffer for reading and writing bytes with size 1000.
2017-01-06 17:56:53 TRACE Task - Initialize Task com.sysgears.fragmentation.Task@68de145 with next param:
		- file from which need to read bytes /home/yevgen/IdeaProjects/FileFragmetation/core/src/main/resources/file.bmp;
		- position of bytes which need to read in source file 27000000;
		- length of bytes which need to read in source file 1000000;
		- file into which need to write bytes /home/yevgen/IdeaProjects/FileFragmetation/core/src/main/resources/file.bmp_part_27;
		- position in file destination where need to write bytes 0;
		- object which stored statistic of work class com.sysgears.statistic.StatisticServiceImpl;
		- buffer for reading and writing bytes with size 1000.
2017-01-06 17:56:53 TRACE Task - Initialize Task com.sysgears.fragmentation.Task@27fa135a with next param:
		- file from which need to read bytes /home/yevgen/IdeaProjects/FileFragmetation/core/src/main/resources/file.bmp;
		- position of bytes which need to read in source file 28000000;
		- length of bytes which need to read in source file 1000000;
		- file into which need to write bytes /home/yevgen/IdeaProjects/FileFragmetation/core/src/main/resources/file.bmp_part_28;
		- position in file destination where need to write bytes 0;
		- object which stored statistic of work class com.sysgears.statistic.StatisticServiceImpl;
		- buffer for reading and writing bytes with size 1000.
2017-01-06 17:56:53 TRACE Task - Initialize Task com.sysgears.fragmentation.Task@46f7f36a with next param:
		- file from which need to read bytes /home/yevgen/IdeaProjects/FileFragmetation/core/src/main/resources/file.bmp;
		- position of bytes which need to read in source file 29000000;
		- length of bytes which need to read in source file 1000000;
		- file into which need to write bytes /home/yevgen/IdeaProjects/FileFragmetation/core/src/main/resources/file.bmp_part_29;
		- position in file destination where need to write bytes 0;
		- object which stored statistic of work class com.sysgears.statistic.StatisticServiceImpl;
		- buffer for reading and writing bytes with size 1000.
2017-01-06 17:56:53 TRACE Task - Initialize Task com.sysgears.fragmentation.Task@421faab1 with next param:
		- file from which need to read bytes /home/yevgen/IdeaProjects/FileFragmetation/core/src/main/resources/file.bmp;
		- position of bytes which need to read in source file 30000000;
		- length of bytes which need to read in source file 1000000;
		- file into which need to write bytes /home/yevgen/IdeaProjects/FileFragmetation/core/src/main/resources/file.bmp_part_30;
		- position in file destination where need to write bytes 0;
		- object which stored statistic of work class com.sysgears.statistic.StatisticServiceImpl;
		- buffer for reading and writing bytes with size 1000.
2017-01-06 17:56:53 TRACE Task - Initialize Task com.sysgears.fragmentation.Task@2b71fc7e with next param:
		- file from which need to read bytes /home/yevgen/IdeaProjects/FileFragmetation/core/src/main/resources/file.bmp;
		- position of bytes which need to read in source file 31000000;
		- length of bytes which need to read in source file 1000000;
		- file into which need to write bytes /home/yevgen/IdeaProjects/FileFragmetation/core/src/main/resources/file.bmp_part_31;
		- position in file destination where need to write bytes 0;
		- object which stored statistic of work class com.sysgears.statistic.StatisticServiceImpl;
		- buffer for reading and writing bytes with size 1000.
2017-01-06 17:56:53 TRACE Task - Initialize Task com.sysgears.fragmentation.Task@5ce65a89 with next param:
		- file from which need to read bytes /home/yevgen/IdeaProjects/FileFragmetation/core/src/main/resources/file.bmp;
		- position of bytes which need to read in source file 32000000;
		- length of bytes which need to read in source file 1000000;
		- file into which need to write bytes /home/yevgen/IdeaProjects/FileFragmetation/core/src/main/resources/file.bmp_part_32;
		- position in file destination where need to write bytes 0;
		- object which stored statistic of work class com.sysgears.statistic.StatisticServiceImpl;
		- buffer for reading and writing bytes with size 1000.
2017-01-06 17:56:53 TRACE Task - Initialize Task com.sysgears.fragmentation.Task@25f38edc with next param:
		- file from which need to read bytes /home/yevgen/IdeaProjects/FileFragmetation/core/src/main/resources/file.bmp;
		- position of bytes which need to read in source file 33000000;
		- length of bytes which need to read in source file 1000000;
		- file into which need to write bytes /home/yevgen/IdeaProjects/FileFragmetation/core/src/main/resources/file.bmp_part_33;
		- position in file destination where need to write bytes 0;
		- object which stored statistic of work class com.sysgears.statistic.StatisticServiceImpl;
		- buffer for reading and writing bytes with size 1000.
2017-01-06 17:56:53 TRACE Task - Initialize Task com.sysgears.fragmentation.Task@1a86f2f1 with next param:
		- file from which need to read bytes /home/yevgen/IdeaProjects/FileFragmetation/core/src/main/resources/file.bmp;
		- position of bytes which need to read in source file 34000000;
		- length of bytes which need to read in source file 1000000;
		- file into which need to write bytes /home/yevgen/IdeaProjects/FileFragmetation/core/src/main/resources/file.bmp_part_34;
		- position in file destination where need to write bytes 0;
		- object which stored statistic of work class com.sysgears.statistic.StatisticServiceImpl;
		- buffer for reading and writing bytes with size 1000.
2017-01-06 17:56:53 TRACE Task - Initialize Task com.sysgears.fragmentation.Task@3eb07fd3 with next param:
		- file from which need to read bytes /home/yevgen/IdeaProjects/FileFragmetation/core/src/main/resources/file.bmp;
		- position of bytes which need to read in source file 35000000;
		- length of bytes which need to read in source file 1000000;
		- file into which need to write bytes /home/yevgen/IdeaProjects/FileFragmetation/core/src/main/resources/file.bmp_part_35;
		- position in file destination where need to write bytes 0;
		- object which stored statistic of work class com.sysgears.statistic.StatisticServiceImpl;
		- buffer for reading and writing bytes with size 1000.
2017-01-06 17:56:53 TRACE Task - Initialize Task com.sysgears.fragmentation.Task@506c589e with next param:
		- file from which need to read bytes /home/yevgen/IdeaProjects/FileFragmetation/core/src/main/resources/file.bmp;
		- position of bytes which need to read in source file 36000000;
		- length of bytes which need to read in source file 1000000;
		- file into which need to write bytes /home/yevgen/IdeaProjects/FileFragmetation/core/src/main/resources/file.bmp_part_36;
		- position in file destination where need to write bytes 0;
		- object which stored statistic of work class com.sysgears.statistic.StatisticServiceImpl;
		- buffer for reading and writing bytes with size 1000.
2017-01-06 17:56:53 TRACE Task - Initialize Task com.sysgears.fragmentation.Task@69d0a921 with next param:
		- file from which need to read bytes /home/yevgen/IdeaProjects/FileFragmetation/core/src/main/resources/file.bmp;
		- position of bytes which need to read in source file 37000000;
		- length of bytes which need to read in source file 472054;
		- file into which need to write bytes /home/yevgen/IdeaProjects/FileFragmetation/core/src/main/resources/file.bmp_part_37;
		- position in file destination where need to write bytes 0;
		- object which stored statistic of work class com.sysgears.statistic.StatisticServiceImpl;
		- buffer for reading and writing bytes with size 1000.
2017-01-06 17:56:53 TRACE Task - Starts run() for Task com.sysgears.fragmentation.Task@5197848c in Thread pool-1-thread-2
2017-01-06 17:56:53 TRACE Task - Starts run() for Task com.sysgears.fragmentation.Task@17f052a3 in Thread pool-1-thread-1
2017-01-06 17:56:53 TRACE Task - Starts run() for Task com.sysgears.fragmentation.Task@2e0fa5d3 in Thread pool-1-thread-2
2017-01-06 17:56:53 TRACE Task - Starts run() for Task com.sysgears.fragmentation.Task@5010be6 in Thread pool-1-thread-1
2017-01-06 17:56:53 TRACE Task - Starts run() for Task com.sysgears.fragmentation.Task@685f4c2e in Thread pool-1-thread-2
2017-01-06 17:56:53 TRACE Task - Starts run() for Task com.sysgears.fragmentation.Task@7daf6ecc in Thread pool-1-thread-2
2017-01-06 17:56:53 TRACE Task - Starts run() for Task com.sysgears.fragmentation.Task@2e5d6d97 in Thread pool-1-thread-1
2017-01-06 17:56:53 TRACE Task - Starts run() for Task com.sysgears.fragmentation.Task@238e0d81 in Thread pool-1-thread-2
2017-01-06 17:56:53 TRACE Task - Starts run() for Task com.sysgears.fragmentation.Task@31221be2 in Thread pool-1-thread-1
2017-01-06 17:56:53 TRACE Task - Starts run() for Task com.sysgears.fragmentation.Task@377dca04 in Thread pool-1-thread-2
2017-01-06 17:56:53 TRACE Task - Starts run() for Task com.sysgears.fragmentation.Task@728938a9 in Thread pool-1-thread-1
2017-01-06 17:56:53 TRACE Task - Starts run() for Task com.sysgears.fragmentation.Task@21b8d17c in Thread pool-1-thread-2
2017-01-06 17:56:53 TRACE Task - Starts run() for Task com.sysgears.fragmentation.Task@6433a2 in Thread pool-1-thread-1
2017-01-06 17:56:53 TRACE Task - Starts run() for Task com.sysgears.fragmentation.Task@5910e440 in Thread pool-1-thread-2
2017-01-06 17:56:53 TRACE Task - Starts run() for Task com.sysgears.fragmentation.Task@6267c3bb in Thread pool-1-thread-1
2017-01-06 17:56:53 TRACE Task - Starts run() for Task com.sysgears.fragmentation.Task@533ddba in Thread pool-1-thread-2
2017-01-06 17:56:54 TRACE Task - Starts run() for Task com.sysgears.fragmentation.Task@246b179d in Thread pool-1-thread-1
2017-01-06 17:56:54 TRACE Task - Starts run() for Task com.sysgears.fragmentation.Task@7a07c5b4 in Thread pool-1-thread-2
2017-01-06 17:56:54 TRACE Task - Starts run() for Task com.sysgears.fragmentation.Task@26a1ab54 in Thread pool-1-thread-1
2017-01-06 17:56:54 TRACE Task - Starts run() for Task com.sysgears.fragmentation.Task@3d646c37 in Thread pool-1-thread-2
2017-01-06 17:56:54 TRACE Task - Starts run() for Task com.sysgears.fragmentation.Task@41cf53f9 in Thread pool-1-thread-1
2017-01-06 17:56:54 TRACE Task - Starts run() for Task com.sysgears.fragmentation.Task@5a10411 in Thread pool-1-thread-2
2017-01-06 17:56:54 TRACE Task - Starts run() for Task com.sysgears.fragmentation.Task@2ef1e4fa in Thread pool-1-thread-1
2017-01-06 17:56:54 TRACE Task - Starts run() for Task com.sysgears.fragmentation.Task@306a30c7 in Thread pool-1-thread-2
2017-01-06 17:56:54 TRACE Task - Starts run() for Task com.sysgears.fragmentation.Task@b81eda8 in Thread pool-1-thread-1
2017-01-06 17:56:54 TRACE Task - Starts run() for Task com.sysgears.fragmentation.Task@68de145 in Thread pool-1-thread-2
2017-01-06 17:56:54 TRACE Task - Starts run() for Task com.sysgears.fragmentation.Task@27fa135a in Thread pool-1-thread-1
2017-01-06 17:56:54 TRACE Task - Starts run() for Task com.sysgears.fragmentation.Task@46f7f36a in Thread pool-1-thread-2
2017-01-06 17:56:54 TRACE Task - Starts run() for Task com.sysgears.fragmentation.Task@421faab1 in Thread pool-1-thread-1
2017-01-06 17:56:54 TRACE Task - Starts run() for Task com.sysgears.fragmentation.Task@2b71fc7e in Thread pool-1-thread-2
2017-01-06 17:56:54 TRACE Task - Starts run() for Task com.sysgears.fragmentation.Task@5ce65a89 in Thread pool-1-thread-1
2017-01-06 17:56:54 TRACE Task - Starts run() for Task com.sysgears.fragmentation.Task@25f38edc in Thread pool-1-thread-2
2017-01-06 17:56:54 TRACE Task - Starts run() for Task com.sysgears.fragmentation.Task@1a86f2f1 in Thread pool-1-thread-1
2017-01-06 17:56:54 TRACE Task - Starts run() for Task com.sysgears.fragmentation.Task@3eb07fd3 in Thread pool-1-thread-2
2017-01-06 17:56:54 TRACE Task - Starts run() for Task com.sysgears.fragmentation.Task@506c589e in Thread pool-1-thread-1
2017-01-06 17:56:54 TRACE Task - Starts run() for Task com.sysgears.fragmentation.Task@69d0a921 in Thread pool-1-thread-2
2017-01-06 17:58:38 TRACE Task - Initialize Task com.sysgears.fragmentation.Task@446cdf90 with next param:
		- file from which need to read bytes /home/yevgen/IdeaProjects/FileFragmetation/core/src/main/resources/file.bmp_part_0;
		- position of bytes which need to read in source file 0;
		- length of bytes which need to read in source file 1000000;
		- file into which need to write bytes /home/yevgen/IdeaProjects/FileFragmetation/core/src/main/resources/file.bmp;
		- position in file destination where need to write bytes 0;
		- object which stored statistic of work class com.sysgears.statistic.StatisticServiceImpl;
		- buffer for reading and writing bytes with size 1000.
2017-01-06 17:58:38 TRACE Task - Initialize Task com.sysgears.fragmentation.Task@799f7e29 with next param:
		- file from which need to read bytes /home/yevgen/IdeaProjects/FileFragmetation/core/src/main/resources/file.bmp_part_1;
		- position of bytes which need to read in source file 0;
		- length of bytes which need to read in source file 1000000;
		- file into which need to write bytes /home/yevgen/IdeaProjects/FileFragmetation/core/src/main/resources/file.bmp;
		- position in file destination where need to write bytes 1000000;
		- object which stored statistic of work class com.sysgears.statistic.StatisticServiceImpl;
		- buffer for reading and writing bytes with size 1000.
2017-01-06 17:58:38 TRACE Task - Starts run() for Task com.sysgears.fragmentation.Task@446cdf90 in Thread pool-1-thread-2
2017-01-06 17:58:38 TRACE Task - Initialize Task com.sysgears.fragmentation.Task@4b85612c with next param:
		- file from which need to read bytes /home/yevgen/IdeaProjects/FileFragmetation/core/src/main/resources/file.bmp_part_2;
		- position of bytes which need to read in source file 0;
		- length of bytes which need to read in source file 1000000;
		- file into which need to write bytes /home/yevgen/IdeaProjects/FileFragmetation/core/src/main/resources/file.bmp;
		- position in file destination where need to write bytes 2000000;
		- object which stored statistic of work class com.sysgears.statistic.StatisticServiceImpl;
		- buffer for reading and writing bytes with size 1000.
2017-01-06 17:58:38 TRACE Task - Initialize Task com.sysgears.fragmentation.Task@277050dc with next param:
		- file from which need to read bytes /home/yevgen/IdeaProjects/FileFragmetation/core/src/main/resources/file.bmp_part_3;
		- position of bytes which need to read in source file 0;
		- length of bytes which need to read in source file 1000000;
		- file into which need to write bytes /home/yevgen/IdeaProjects/FileFragmetation/core/src/main/resources/file.bmp;
		- position in file destination where need to write bytes 3000000;
		- object which stored statistic of work class com.sysgears.statistic.StatisticServiceImpl;
		- buffer for reading and writing bytes with size 1000.
2017-01-06 17:58:38 TRACE Task - Initialize Task com.sysgears.fragmentation.Task@5c29bfd with next param:
		- file from which need to read bytes /home/yevgen/IdeaProjects/FileFragmetation/core/src/main/resources/file.bmp_part_4;
		- position of bytes which need to read in source file 0;
		- length of bytes which need to read in source file 1000000;
		- file into which need to write bytes /home/yevgen/IdeaProjects/FileFragmetation/core/src/main/resources/file.bmp;
		- position in file destination where need to write bytes 4000000;
		- object which stored statistic of work class com.sysgears.statistic.StatisticServiceImpl;
		- buffer for reading and writing bytes with size 1000.
2017-01-06 17:58:38 TRACE Task - Initialize Task com.sysgears.fragmentation.Task@7aec35a with next param:
		- file from which need to read bytes /home/yevgen/IdeaProjects/FileFragmetation/core/src/main/resources/file.bmp_part_5;
		- position of bytes which need to read in source file 0;
		- length of bytes which need to read in source file 1000000;
		- file into which need to write bytes /home/yevgen/IdeaProjects/FileFragmetation/core/src/main/resources/file.bmp;
		- position in file destination where need to write bytes 5000000;
		- object which stored statistic of work class com.sysgears.statistic.StatisticServiceImpl;
		- buffer for reading and writing bytes with size 1000.
2017-01-06 17:58:38 TRACE Task - Initialize Task com.sysgears.fragmentation.Task@67424e82 with next param:
		- file from which need to read bytes /home/yevgen/IdeaProjects/FileFragmetation/core/src/main/resources/file.bmp_part_6;
		- position of bytes which need to read in source file 0;
		- length of bytes which need to read in source file 1000000;
		- file into which need to write bytes /home/yevgen/IdeaProjects/FileFragmetation/core/src/main/resources/file.bmp;
		- position in file destination where need to write bytes 6000000;
		- object which stored statistic of work class com.sysgears.statistic.StatisticServiceImpl;
		- buffer for reading and writing bytes with size 1000.
2017-01-06 17:58:38 TRACE Task - Initialize Task com.sysgears.fragmentation.Task@42110406 with next param:
		- file from which need to read bytes /home/yevgen/IdeaProjects/FileFragmetation/core/src/main/resources/file.bmp_part_7;
		- position of bytes which need to read in source file 0;
		- length of bytes which need to read in source file 1000000;
		- file into which need to write bytes /home/yevgen/IdeaProjects/FileFragmetation/core/src/main/resources/file.bmp;
		- position in file destination where need to write bytes 7000000;
		- object which stored statistic of work class com.sysgears.statistic.StatisticServiceImpl;
		- buffer for reading and writing bytes with size 1000.
2017-01-06 17:58:38 TRACE Task - Initialize Task com.sysgears.fragmentation.Task@531d72ca with next param:
		- file from which need to read bytes /home/yevgen/IdeaProjects/FileFragmetation/core/src/main/resources/file.bmp_part_8;
		- position of bytes which need to read in source file 0;
		- length of bytes which need to read in source file 1000000;
		- file into which need to write bytes /home/yevgen/IdeaProjects/FileFragmetation/core/src/main/resources/file.bmp;
		- position in file destination where need to write bytes 8000000;
		- object which stored statistic of work class com.sysgears.statistic.StatisticServiceImpl;
		- buffer for reading and writing bytes with size 1000.
2017-01-06 17:58:38 TRACE Task - Initialize Task com.sysgears.fragmentation.Task@22d8cfe0 with next param:
		- file from which need to read bytes /home/yevgen/IdeaProjects/FileFragmetation/core/src/main/resources/file.bmp_part_9;
		- position of bytes which need to read in source file 0;
		- length of bytes which need to read in source file 1000000;
		- file into which need to write bytes /home/yevgen/IdeaProjects/FileFragmetation/core/src/main/resources/file.bmp;
		- position in file destination where need to write bytes 9000000;
		- object which stored statistic of work class com.sysgears.statistic.StatisticServiceImpl;
		- buffer for reading and writing bytes with size 1000.
2017-01-06 17:58:38 TRACE Task - Initialize Task com.sysgears.fragmentation.Task@579bb367 with next param:
		- file from which need to read bytes /home/yevgen/IdeaProjects/FileFragmetation/core/src/main/resources/file.bmp_part_10;
		- position of bytes which need to read in source file 0;
		- length of bytes which need to read in source file 1000000;
		- file into which need to write bytes /home/yevgen/IdeaProjects/FileFragmetation/core/src/main/resources/file.bmp;
		- position in file destination where need to write bytes 10000000;
		- object which stored statistic of work class com.sysgears.statistic.StatisticServiceImpl;
		- buffer for reading and writing bytes with size 1000.
2017-01-06 17:58:38 TRACE Task - Initialize Task com.sysgears.fragmentation.Task@1de0aca6 with next param:
		- file from which need to read bytes /home/yevgen/IdeaProjects/FileFragmetation/core/src/main/resources/file.bmp_part_11;
		- position of bytes which need to read in source file 0;
		- length of bytes which need to read in source file 1000000;
		- file into which need to write bytes /home/yevgen/IdeaProjects/FileFragmetation/core/src/main/resources/file.bmp;
		- position in file destination where need to write bytes 11000000;
		- object which stored statistic of work class com.sysgears.statistic.StatisticServiceImpl;
		- buffer for reading and writing bytes with size 1000.
2017-01-06 17:58:38 TRACE Task - Initialize Task com.sysgears.fragmentation.Task@255316f2 with next param:
		- file from which need to read bytes /home/yevgen/IdeaProjects/FileFragmetation/core/src/main/resources/file.bmp_part_12;
		- position of bytes which need to read in source file 0;
		- length of bytes which need to read in source file 1000000;
		- file into which need to write bytes /home/yevgen/IdeaProjects/FileFragmetation/core/src/main/resources/file.bmp;
		- position in file destination where need to write bytes 12000000;
		- object which stored statistic of work class com.sysgears.statistic.StatisticServiceImpl;
		- buffer for reading and writing bytes with size 1000.
2017-01-06 17:58:38 TRACE Task - Initialize Task com.sysgears.fragmentation.Task@41906a77 with next param:
		- file from which need to read bytes /home/yevgen/IdeaProjects/FileFragmetation/core/src/main/resources/file.bmp_part_13;
		- position of bytes which need to read in source file 0;
		- length of bytes which need to read in source file 1000000;
		- file into which need to write bytes /home/yevgen/IdeaProjects/FileFragmetation/core/src/main/resources/file.bmp;
		- position in file destination where need to write bytes 13000000;
		- object which stored statistic of work class com.sysgears.statistic.StatisticServiceImpl;
		- buffer for reading and writing bytes with size 1000.
2017-01-06 17:58:38 TRACE Task - Initialize Task com.sysgears.fragmentation.Task@4b9af9a9 with next param:
		- file from which need to read bytes /home/yevgen/IdeaProjects/FileFragmetation/core/src/main/resources/file.bmp_part_14;
		- position of bytes which need to read in source file 0;
		- length of bytes which need to read in source file 1000000;
		- file into which need to write bytes /home/yevgen/IdeaProjects/FileFragmetation/core/src/main/resources/file.bmp;
		- position in file destination where need to write bytes 14000000;
		- object which stored statistic of work class com.sysgears.statistic.StatisticServiceImpl;
		- buffer for reading and writing bytes with size 1000.
2017-01-06 17:58:38 TRACE Task - Initialize Task com.sysgears.fragmentation.Task@5387f9e0 with next param:
		- file from which need to read bytes /home/yevgen/IdeaProjects/FileFragmetation/core/src/main/resources/file.bmp_part_15;
		- position of bytes which need to read in source file 0;
		- length of bytes which need to read in source file 1000000;
		- file into which need to write bytes /home/yevgen/IdeaProjects/FileFragmetation/core/src/main/resources/file.bmp;
		- position in file destination where need to write bytes 15000000;
		- object which stored statistic of work class com.sysgears.statistic.StatisticServiceImpl;
		- buffer for reading and writing bytes with size 1000.
2017-01-06 17:58:38 TRACE Task - Initialize Task com.sysgears.fragmentation.Task@6e5e91e4 with next param:
		- file from which need to read bytes /home/yevgen/IdeaProjects/FileFragmetation/core/src/main/resources/file.bmp_part_16;
		- position of bytes which need to read in source file 0;
		- length of bytes which need to read in source file 1000000;
		- file into which need to write bytes /home/yevgen/IdeaProjects/FileFragmetation/core/src/main/resources/file.bmp;
		- position in file destination where need to write bytes 16000000;
		- object which stored statistic of work class com.sysgears.statistic.StatisticServiceImpl;
		- buffer for reading and writing bytes with size 1000.
2017-01-06 17:58:38 TRACE Task - Initialize Task com.sysgears.fragmentation.Task@2cdf8d8a with next param:
		- file from which need to read bytes /home/yevgen/IdeaProjects/FileFragmetation/core/src/main/resources/file.bmp_part_17;
		- position of bytes which need to read in source file 0;
		- length of bytes which need to read in source file 1000000;
		- file into which need to write bytes /home/yevgen/IdeaProjects/FileFragmetation/core/src/main/resources/file.bmp;
		- position in file destination where need to write bytes 17000000;
		- object which stored statistic of work class com.sysgears.statistic.StatisticServiceImpl;
		- buffer for reading and writing bytes with size 1000.
2017-01-06 17:58:38 TRACE Task - Initialize Task com.sysgears.fragmentation.Task@30946e09 with next param:
		- file from which need to read bytes /home/yevgen/IdeaProjects/FileFragmetation/core/src/main/resources/file.bmp_part_18;
		- position of bytes which need to read in source file 0;
		- length of bytes which need to read in source file 1000000;
		- file into which need to write bytes /home/yevgen/IdeaProjects/FileFragmetation/core/src/main/resources/file.bmp;
		- position in file destination where need to write bytes 18000000;
		- object which stored statistic of work class com.sysgears.statistic.StatisticServiceImpl;
		- buffer for reading and writing bytes with size 1000.
2017-01-06 17:58:38 TRACE Task - Initialize Task com.sysgears.fragmentation.Task@5cb0d902 with next param:
		- file from which need to read bytes /home/yevgen/IdeaProjects/FileFragmetation/core/src/main/resources/file.bmp_part_19;
		- position of bytes which need to read in source file 0;
		- length of bytes which need to read in source file 1000000;
		- file into which need to write bytes /home/yevgen/IdeaProjects/FileFragmetation/core/src/main/resources/file.bmp;
		- position in file destination where need to write bytes 19000000;
		- object which stored statistic of work class com.sysgears.statistic.StatisticServiceImpl;
		- buffer for reading and writing bytes with size 1000.
2017-01-06 17:58:38 TRACE Task - Initialize Task com.sysgears.fragmentation.Task@46fbb2c1 with next param:
		- file from which need to read bytes /home/yevgen/IdeaProjects/FileFragmetation/core/src/main/resources/file.bmp_part_20;
		- position of bytes which need to read in source file 0;
		- length of bytes which need to read in source file 1000000;
		- file into which need to write bytes /home/yevgen/IdeaProjects/FileFragmetation/core/src/main/resources/file.bmp;
		- position in file destination where need to write bytes 20000000;
		- object which stored statistic of work class com.sysgears.statistic.StatisticServiceImpl;
		- buffer for reading and writing bytes with size 1000.
2017-01-06 17:58:38 TRACE Task - Initialize Task com.sysgears.fragmentation.Task@1698c449 with next param:
		- file from which need to read bytes /home/yevgen/IdeaProjects/FileFragmetation/core/src/main/resources/file.bmp_part_21;
		- position of bytes which need to read in source file 0;
		- length of bytes which need to read in source file 1000000;
		- file into which need to write bytes /home/yevgen/IdeaProjects/FileFragmetation/core/src/main/resources/file.bmp;
		- position in file destination where need to write bytes 21000000;
		- object which stored statistic of work class com.sysgears.statistic.StatisticServiceImpl;
		- buffer for reading and writing bytes with size 1000.
2017-01-06 17:58:38 TRACE Task - Initialize Task com.sysgears.fragmentation.Task@5ef04b5 with next param:
		- file from which need to read bytes /home/yevgen/IdeaProjects/FileFragmetation/core/src/main/resources/file.bmp_part_22;
		- position of bytes which need to read in source file 0;
		- length of bytes which need to read in source file 1000000;
		- file into which need to write bytes /home/yevgen/IdeaProjects/FileFragmetation/core/src/main/resources/file.bmp;
		- position in file destination where need to write bytes 22000000;
		- object which stored statistic of work class com.sysgears.statistic.StatisticServiceImpl;
		- buffer for reading and writing bytes with size 1000.
2017-01-06 17:58:38 TRACE Task - Initialize Task com.sysgears.fragmentation.Task@5f4da5c3 with next param:
		- file from which need to read bytes /home/yevgen/IdeaProjects/FileFragmetation/core/src/main/resources/file.bmp_part_23;
		- position of bytes which need to read in source file 0;
		- length of bytes which need to read in source file 1000000;
		- file into which need to write bytes /home/yevgen/IdeaProjects/FileFragmetation/core/src/main/resources/file.bmp;
		- position in file destination where need to write bytes 23000000;
		- object which stored statistic of work class com.sysgears.statistic.StatisticServiceImpl;
		- buffer for reading and writing bytes with size 1000.
2017-01-06 17:58:38 TRACE Task - Initialize Task com.sysgears.fragmentation.Task@443b7951 with next param:
		- file from which need to read bytes /home/yevgen/IdeaProjects/FileFragmetation/core/src/main/resources/file.bmp_part_24;
		- position of bytes which need to read in source file 0;
		- length of bytes which need to read in source file 1000000;
		- file into which need to write bytes /home/yevgen/IdeaProjects/FileFragmetation/core/src/main/resources/file.bmp;
		- position in file destination where need to write bytes 24000000;
		- object which stored statistic of work class com.sysgears.statistic.StatisticServiceImpl;
		- buffer for reading and writing bytes with size 1000.
2017-01-06 17:58:38 TRACE Task - Initialize Task com.sysgears.fragmentation.Task@14514713 with next param:
		- file from which need to read bytes /home/yevgen/IdeaProjects/FileFragmetation/core/src/main/resources/file.bmp_part_25;
		- position of bytes which need to read in source file 0;
		- length of bytes which need to read in source file 1000000;
		- file into which need to write bytes /home/yevgen/IdeaProjects/FileFragmetation/core/src/main/resources/file.bmp;
		- position in file destination where need to write bytes 25000000;
		- object which stored statistic of work class com.sysgears.statistic.StatisticServiceImpl;
		- buffer for reading and writing bytes with size 1000.
2017-01-06 17:58:38 TRACE Task - Initialize Task com.sysgears.fragmentation.Task@69663380 with next param:
		- file from which need to read bytes /home/yevgen/IdeaProjects/FileFragmetation/core/src/main/resources/file.bmp_part_26;
		- position of bytes which need to read in source file 0;
		- length of bytes which need to read in source file 1000000;
		- file into which need to write bytes /home/yevgen/IdeaProjects/FileFragmetation/core/src/main/resources/file.bmp;
		- position in file destination where need to write bytes 26000000;
		- object which stored statistic of work class com.sysgears.statistic.StatisticServiceImpl;
		- buffer for reading and writing bytes with size 1000.
2017-01-06 17:58:38 TRACE Task - Starts run() for Task com.sysgears.fragmentation.Task@799f7e29 in Thread pool-1-thread-1
2017-01-06 17:58:38 TRACE Task - Initialize Task com.sysgears.fragmentation.Task@5b37e0d2 with next param:
		- file from which need to read bytes /home/yevgen/IdeaProjects/FileFragmetation/core/src/main/resources/file.bmp_part_27;
		- position of bytes which need to read in source file 0;
		- length of bytes which need to read in source file 1000000;
		- file into which need to write bytes /home/yevgen/IdeaProjects/FileFragmetation/core/src/main/resources/file.bmp;
		- position in file destination where need to write bytes 27000000;
		- object which stored statistic of work class com.sysgears.statistic.StatisticServiceImpl;
		- buffer for reading and writing bytes with size 1000.
2017-01-06 17:58:38 TRACE Task - Initialize Task com.sysgears.fragmentation.Task@4459eb14 with next param:
		- file from which need to read bytes /home/yevgen/IdeaProjects/FileFragmetation/core/src/main/resources/file.bmp_part_28;
		- position of bytes which need to read in source file 0;
		- length of bytes which need to read in source file 1000000;
		- file into which need to write bytes /home/yevgen/IdeaProjects/FileFragmetation/core/src/main/resources/file.bmp;
		- position in file destination where need to write bytes 28000000;
		- object which stored statistic of work class com.sysgears.statistic.StatisticServiceImpl;
		- buffer for reading and writing bytes with size 1000.
2017-01-06 17:58:38 TRACE Task - Initialize Task com.sysgears.fragmentation.Task@5a2e4553 with next param:
		- file from which need to read bytes /home/yevgen/IdeaProjects/FileFragmetation/core/src/main/resources/file.bmp_part_29;
		- position of bytes which need to read in source file 0;
		- length of bytes which need to read in source file 1000000;
		- file into which need to write bytes /home/yevgen/IdeaProjects/FileFragmetation/core/src/main/resources/file.bmp;
		- position in file destination where need to write bytes 29000000;
		- object which stored statistic of work class com.sysgears.statistic.StatisticServiceImpl;
		- buffer for reading and writing bytes with size 1000.
2017-01-06 17:58:38 TRACE Task - Initialize Task com.sysgears.fragmentation.Task@28c97a5 with next param:
		- file from which need to read bytes /home/yevgen/IdeaProjects/FileFragmetation/core/src/main/resources/file.bmp_part_30;
		- position of bytes which need to read in source file 0;
		- length of bytes which need to read in source file 1000000;
		- file into which need to write bytes /home/yevgen/IdeaProjects/FileFragmetation/core/src/main/resources/file.bmp;
		- position in file destination where need to write bytes 30000000;
		- object which stored statistic of work class com.sysgears.statistic.StatisticServiceImpl;
		- buffer for reading and writing bytes with size 1000.
2017-01-06 17:58:38 TRACE Task - Initialize Task com.sysgears.fragmentation.Task@6659c656 with next param:
		- file from which need to read bytes /home/yevgen/IdeaProjects/FileFragmetation/core/src/main/resources/file.bmp_part_31;
		- position of bytes which need to read in source file 0;
		- length of bytes which need to read in source file 1000000;
		- file into which need to write bytes /home/yevgen/IdeaProjects/FileFragmetation/core/src/main/resources/file.bmp;
		- position in file destination where need to write bytes 31000000;
		- object which stored statistic of work class com.sysgears.statistic.StatisticServiceImpl;
		- buffer for reading and writing bytes with size 1000.
2017-01-06 17:58:38 TRACE Task - Initialize Task com.sysgears.fragmentation.Task@6d5380c2 with next param:
		- file from which need to read bytes /home/yevgen/IdeaProjects/FileFragmetation/core/src/main/resources/file.bmp_part_32;
		- position of bytes which need to read in source file 0;
		- length of bytes which need to read in source file 1000000;
		- file into which need to write bytes /home/yevgen/IdeaProjects/FileFragmetation/core/src/main/resources/file.bmp;
		- position in file destination where need to write bytes 32000000;
		- object which stored statistic of work class com.sysgears.statistic.StatisticServiceImpl;
		- buffer for reading and writing bytes with size 1000.
2017-01-06 17:58:38 TRACE Task - Initialize Task com.sysgears.fragmentation.Task@45ff54e6 with next param:
		- file from which need to read bytes /home/yevgen/IdeaProjects/FileFragmetation/core/src/main/resources/file.bmp_part_33;
		- position of bytes which need to read in source file 0;
		- length of bytes which need to read in source file 1000000;
		- file into which need to write bytes /home/yevgen/IdeaProjects/FileFragmetation/core/src/main/resources/file.bmp;
		- position in file destination where need to write bytes 33000000;
		- object which stored statistic of work class com.sysgears.statistic.StatisticServiceImpl;
		- buffer for reading and writing bytes with size 1000.
2017-01-06 17:58:38 TRACE Task - Initialize Task com.sysgears.fragmentation.Task@2328c243 with next param:
		- file from which need to read bytes /home/yevgen/IdeaProjects/FileFragmetation/core/src/main/resources/file.bmp_part_34;
		- position of bytes which need to read in source file 0;
		- length of bytes which need to read in source file 1000000;
		- file into which need to write bytes /home/yevgen/IdeaProjects/FileFragmetation/core/src/main/resources/file.bmp;
		- position in file destination where need to write bytes 34000000;
		- object which stored statistic of work class com.sysgears.statistic.StatisticServiceImpl;
		- buffer for reading and writing bytes with size 1000.
2017-01-06 17:58:38 TRACE Task - Initialize Task com.sysgears.fragmentation.Task@bebdb06 with next param:
		- file from which need to read bytes /home/yevgen/IdeaProjects/FileFragmetation/core/src/main/resources/file.bmp_part_35;
		- position of bytes which need to read in source file 0;
		- length of bytes which need to read in source file 1000000;
		- file into which need to write bytes /home/yevgen/IdeaProjects/FileFragmetation/core/src/main/resources/file.bmp;
		- position in file destination where need to write bytes 35000000;
		- object which stored statistic of work class com.sysgears.statistic.StatisticServiceImpl;
		- buffer for reading and writing bytes with size 1000.
2017-01-06 17:58:38 TRACE Task - Initialize Task com.sysgears.fragmentation.Task@7a4f0f29 with next param:
		- file from which need to read bytes /home/yevgen/IdeaProjects/FileFragmetation/core/src/main/resources/file.bmp_part_36;
		- position of bytes which need to read in source file 0;
		- length of bytes which need to read in source file 1000000;
		- file into which need to write bytes /home/yevgen/IdeaProjects/FileFragmetation/core/src/main/resources/file.bmp;
		- position in file destination where need to write bytes 36000000;
		- object which stored statistic of work class com.sysgears.statistic.StatisticServiceImpl;
		- buffer for reading and writing bytes with size 1000.
2017-01-06 17:58:38 TRACE Task - Initialize Task com.sysgears.fragmentation.Task@45283ce2 with next param:
		- file from which need to read bytes /home/yevgen/IdeaProjects/FileFragmetation/core/src/main/resources/file.bmp_part_37;
		- position of bytes which need to read in source file 0;
		- length of bytes which need to read in source file 472054;
		- file into which need to write bytes /home/yevgen/IdeaProjects/FileFragmetation/core/src/main/resources/file.bmp;
		- position in file destination where need to write bytes 37000000;
		- object which stored statistic of work class com.sysgears.statistic.StatisticServiceImpl;
		- buffer for reading and writing bytes with size 1000.
2017-01-06 17:58:38 TRACE Task - Starts run() for Task com.sysgears.fragmentation.Task@4b85612c in Thread pool-1-thread-2
2017-01-06 17:58:38 TRACE Task - Starts run() for Task com.sysgears.fragmentation.Task@277050dc in Thread pool-1-thread-1
2017-01-06 17:58:39 TRACE Task - Starts run() for Task com.sysgears.fragmentation.Task@5c29bfd in Thread pool-1-thread-1
2017-01-06 17:58:39 TRACE Task - Starts run() for Task com.sysgears.fragmentation.Task@7aec35a in Thread pool-1-thread-2
2017-01-06 17:58:39 TRACE Task - Starts run() for Task com.sysgears.fragmentation.Task@67424e82 in Thread pool-1-thread-1
2017-01-06 17:58:39 TRACE Task - Starts run() for Task com.sysgears.fragmentation.Task@42110406 in Thread pool-1-thread-2
2017-01-06 17:58:39 TRACE Task - Starts run() for Task com.sysgears.fragmentation.Task@531d72ca in Thread pool-1-thread-1
2017-01-06 17:58:39 TRACE Task - Starts run() for Task com.sysgears.fragmentation.Task@22d8cfe0 in Thread pool-1-thread-2
2017-01-06 17:58:39 TRACE Task - Starts run() for Task com.sysgears.fragmentation.Task@579bb367 in Thread pool-1-thread-1
2017-01-06 17:58:39 TRACE Task - Starts run() for Task com.sysgears.fragmentation.Task@1de0aca6 in Thread pool-1-thread-2
2017-01-06 17:58:39 TRACE Task - Starts run() for Task com.sysgears.fragmentation.Task@255316f2 in Thread pool-1-thread-1
2017-01-06 17:58:39 TRACE Task - Starts run() for Task com.sysgears.fragmentation.Task@41906a77 in Thread pool-1-thread-2
2017-01-06 17:58:39 TRACE Task - Starts run() for Task com.sysgears.fragmentation.Task@4b9af9a9 in Thread pool-1-thread-1
2017-01-06 17:58:39 TRACE Task - Starts run() for Task com.sysgears.fragmentation.Task@5387f9e0 in Thread pool-1-thread-2
2017-01-06 17:58:39 TRACE Task - Starts run() for Task com.sysgears.fragmentation.Task@6e5e91e4 in Thread pool-1-thread-1
2017-01-06 17:58:39 TRACE Task - Starts run() for Task com.sysgears.fragmentation.Task@2cdf8d8a in Thread pool-1-thread-2
2017-01-06 17:58:39 TRACE Task - Starts run() for Task com.sysgears.fragmentation.Task@30946e09 in Thread pool-1-thread-1
2017-01-06 17:58:39 TRACE Task - Starts run() for Task com.sysgears.fragmentation.Task@5cb0d902 in Thread pool-1-thread-2
2017-01-06 17:58:39 TRACE Task - Starts run() for Task com.sysgears.fragmentation.Task@46fbb2c1 in Thread pool-1-thread-1
2017-01-06 17:58:39 TRACE Task - Starts run() for Task com.sysgears.fragmentation.Task@1698c449 in Thread pool-1-thread-2
2017-01-06 17:58:39 TRACE Task - Starts run() for Task com.sysgears.fragmentation.Task@5ef04b5 in Thread pool-1-thread-1
2017-01-06 17:58:39 TRACE Task - Starts run() for Task com.sysgears.fragmentation.Task@5f4da5c3 in Thread pool-1-thread-2
2017-01-06 17:58:39 TRACE Task - Starts run() for Task com.sysgears.fragmentation.Task@443b7951 in Thread pool-1-thread-2
2017-01-06 17:58:39 TRACE Task - Starts run() for Task com.sysgears.fragmentation.Task@14514713 in Thread pool-1-thread-1
2017-01-06 17:58:39 TRACE Task - Starts run() for Task com.sysgears.fragmentation.Task@69663380 in Thread pool-1-thread-1
2017-01-06 17:58:39 TRACE Task - Starts run() for Task com.sysgears.fragmentation.Task@5b37e0d2 in Thread pool-1-thread-2
2017-01-06 17:58:39 TRACE Task - Starts run() for Task com.sysgears.fragmentation.Task@4459eb14 in Thread pool-1-thread-1
2017-01-06 17:58:39 TRACE Task - Starts run() for Task com.sysgears.fragmentation.Task@5a2e4553 in Thread pool-1-thread-2
2017-01-06 17:58:39 TRACE Task - Starts run() for Task com.sysgears.fragmentation.Task@28c97a5 in Thread pool-1-thread-1
2017-01-06 17:58:39 TRACE Task - Starts run() for Task com.sysgears.fragmentation.Task@6659c656 in Thread pool-1-thread-2
2017-01-06 17:58:39 TRACE Task - Starts run() for Task com.sysgears.fragmentation.Task@6d5380c2 in Thread pool-1-thread-1
2017-01-06 17:58:39 TRACE Task - Starts run() for Task com.sysgears.fragmentation.Task@45ff54e6 in Thread pool-1-thread-2
2017-01-06 17:58:39 TRACE Task - Starts run() for Task com.sysgears.fragmentation.Task@2328c243 in Thread pool-1-thread-2
2017-01-06 17:58:39 TRACE Task - Starts run() for Task com.sysgears.fragmentation.Task@bebdb06 in Thread pool-1-thread-1
2017-01-06 17:58:39 TRACE Task - Starts run() for Task com.sysgears.fragmentation.Task@7a4f0f29 in Thread pool-1-thread-2
2017-01-06 17:58:39 TRACE Task - Starts run() for Task com.sysgears.fragmentation.Task@45283ce2 in Thread pool-1-thread-1
