2017-01-04 11:37:40 DEBUG main Command:getCommandByValue:127 - Create Command "exit".
2017-01-04 11:37:40 DEBUG main Command:getCommandByValue:127 - Create Command "eXiT".
2017-01-04 11:37:40 DEBUG main Command:getCommandByValue:127 - Create Command "split".
2017-01-04 11:37:40 DEBUG main Command:getCommandByValue:127 - Create Command "join".
2017-01-04 11:37:40 DEBUG main ApacheCliParser:parse:25 - Starts with parameter java.lang.String[] which includes [-c, exit]
2017-01-04 11:37:40 DEBUG main InputDataHolder:<init>:28 - Create InputDataHolder with param class org.apache.commons.cli.CommandLine.
2017-01-04 11:37:40 DEBUG main InputDataHolder:<init>:67 - User command "exit".
2017-01-04 11:37:40 DEBUG main ApacheCliParser:parse:44 - Return com.sysgears.core.input.InputDataHolder
2017-01-04 11:37:40 DEBUG main ApacheCliParser:parse:25 - Starts with parameter java.lang.String[] which includes [-c, split, -p, /home/yevgen/IdeaProjects/FileFragmetation/core/src/test/resources/file.bmp, -s, 1M]
2017-01-04 11:37:40 DEBUG main InputDataHolder:<init>:28 - Create InputDataHolder with param class org.apache.commons.cli.CommandLine.
2017-01-04 11:37:40 DEBUG main InputDataHolder:<init>:61 - User command "split". User's file object "file.bmp". Size of file part = 1000000 bytes.
2017-01-04 11:37:40 DEBUG main ApacheCliParser:parse:44 - Return com.sysgears.core.input.InputDataHolder
2017-01-04 11:37:40 DEBUG main ApacheCliParser:parse:25 - Starts with parameter java.lang.String[] which includes [-c, join, -p, /home/yevgen/IdeaProjects/FileFragmetation/core/src/test/resources/file.bmp, -s, 1K]
2017-01-04 11:37:40 DEBUG main InputDataHolder:<init>:28 - Create InputDataHolder with param class org.apache.commons.cli.CommandLine.
2017-01-04 11:37:40 DEBUG main InputDataHolder:<init>:61 - User command "join". User's file object "file.bmp". Size of file part = 1000 bytes.
2017-01-04 11:37:40 DEBUG main ApacheCliParser:parse:44 - Return com.sysgears.core.input.InputDataHolder
2017-01-04 11:37:40 DEBUG main ApacheCliParser:parse:25 - Starts with parameter java.lang.String[] which includes [-c, sffsdf, -p, /home/yevgen/IdeaProjects/FileFragmetation/core/src/test/resources/file.bmp, -s, 1M]
2017-01-04 11:37:40 DEBUG main InputDataHolder:<init>:28 - Create InputDataHolder with param class org.apache.commons.cli.CommandLine.
2017-01-04 11:37:40 WARN  main InputDataHolder:<init>:33 - Command 'sffsdf' is not supported
2017-01-04 11:37:40 DEBUG main ApacheCliParser:parse:25 - Starts with parameter java.lang.String[] which includes [-c, split, -p, /wrong_file_path/file.bmp, -s, 1M]
2017-01-04 11:37:40 DEBUG main InputDataHolder:<init>:28 - Create InputDataHolder with param class org.apache.commons.cli.CommandLine.
2017-01-04 11:37:40 WARN  main InputDataHolder:<init>:40 - Incorrect path name "/wrong_file_path/file.bmp".
2017-01-04 11:37:40 DEBUG main ApacheCliParser:parse:25 - Starts with parameter java.lang.String[] which includes [-c, split, -p, /home/yevgen/IdeaProjects/FileFragmetation/core/src/test/resources/file.bmp, -s, 1B]
2017-01-04 11:37:40 DEBUG main InputDataHolder:<init>:28 - Create InputDataHolder with param class org.apache.commons.cli.CommandLine.
2017-01-04 11:37:40 WARN  main InputDataHolder:<init>:55 - Incorrect number format "1B".
2017-01-04 11:38:48 DEBUG main Command:getCommandByValue:127 - Create Command "exit".
2017-01-04 11:38:48 DEBUG main Command:getCommandByValue:127 - Create Command "eXiT".
2017-01-04 11:38:48 DEBUG main Command:getCommandByValue:127 - Create Command "split".
2017-01-04 11:38:48 DEBUG main Command:getCommandByValue:127 - Create Command "join".
2017-01-04 11:38:48 DEBUG main ApacheCliParser:parse:25 - Starts with parameter java.lang.String[] which includes [-c, exit]
2017-01-04 11:38:48 DEBUG main InputDataHolder:<init>:28 - Create InputDataHolder with param class org.apache.commons.cli.CommandLine.
2017-01-04 11:38:48 DEBUG main InputDataHolder:<init>:67 - User command "exit".
2017-01-04 11:38:48 DEBUG main ApacheCliParser:parse:44 - Return com.sysgears.core.input.InputDataHolder
2017-01-04 11:38:48 DEBUG main ApacheCliParser:parse:25 - Starts with parameter java.lang.String[] which includes [-c, split, -p, /home/yevgen/IdeaProjects/FileFragmetation/core/src/test/resources/file.bmp, -s, 1M]
2017-01-04 11:38:48 DEBUG main InputDataHolder:<init>:28 - Create InputDataHolder with param class org.apache.commons.cli.CommandLine.
2017-01-04 11:38:48 DEBUG main InputDataHolder:<init>:61 - User command "split". User's file object "file.bmp". Size of file part = 1000000 bytes.
2017-01-04 11:38:48 DEBUG main ApacheCliParser:parse:44 - Return com.sysgears.core.input.InputDataHolder
2017-01-04 11:38:48 DEBUG main ApacheCliParser:parse:25 - Starts with parameter java.lang.String[] which includes [-c, join, -p, /home/yevgen/IdeaProjects/FileFragmetation/core/src/test/resources/file.bmp, -s, 1K]
2017-01-04 11:38:48 DEBUG main InputDataHolder:<init>:28 - Create InputDataHolder with param class org.apache.commons.cli.CommandLine.
2017-01-04 11:38:48 DEBUG main InputDataHolder:<init>:61 - User command "join". User's file object "file.bmp". Size of file part = 1000 bytes.
2017-01-04 11:38:48 DEBUG main ApacheCliParser:parse:44 - Return com.sysgears.core.input.InputDataHolder
2017-01-04 11:38:48 DEBUG main ApacheCliParser:parse:25 - Starts with parameter java.lang.String[] which includes [-c, sffsdf, -p, /home/yevgen/IdeaProjects/FileFragmetation/core/src/test/resources/file.bmp, -s, 1M]
2017-01-04 11:38:48 DEBUG main InputDataHolder:<init>:28 - Create InputDataHolder with param class org.apache.commons.cli.CommandLine.
2017-01-04 11:38:48 WARN  main InputDataHolder:<init>:33 - Command 'sffsdf' is not supported
2017-01-04 11:38:48 DEBUG main ApacheCliParser:parse:25 - Starts with parameter java.lang.String[] which includes [-c, split, -p, /wrong_file_path/file.bmp, -s, 1M]
2017-01-04 11:38:48 DEBUG main InputDataHolder:<init>:28 - Create InputDataHolder with param class org.apache.commons.cli.CommandLine.
2017-01-04 11:38:48 WARN  main InputDataHolder:<init>:40 - Incorrect path name "/wrong_file_path/file.bmp".
2017-01-04 11:38:48 DEBUG main ApacheCliParser:parse:25 - Starts with parameter java.lang.String[] which includes [-c, split, -p, /home/yevgen/IdeaProjects/FileFragmetation/core/src/test/resources/file.bmp, -s, 1B]
2017-01-04 11:38:48 DEBUG main InputDataHolder:<init>:28 - Create InputDataHolder with param class org.apache.commons.cli.CommandLine.
2017-01-04 11:38:48 WARN  main InputDataHolder:<init>:55 - Incorrect number format "1B".
2017-01-04 11:39:15 DEBUG main Command:getCommandByValue:127 - Create Command "exit".
2017-01-04 11:39:15 DEBUG main Command:getCommandByValue:127 - Create Command "eXiT".
2017-01-04 11:39:15 DEBUG main Command:getCommandByValue:127 - Create Command "split".
2017-01-04 11:39:15 DEBUG main Command:getCommandByValue:127 - Create Command "join".
2017-01-04 11:39:15 DEBUG main ApacheCliParser:parse:25 - Starts with parameter java.lang.String[] which includes [-c, exit]
2017-01-04 11:39:15 DEBUG main InputDataHolder:<init>:28 - Create InputDataHolder with param class org.apache.commons.cli.CommandLine.
2017-01-04 11:39:15 DEBUG main InputDataHolder:<init>:67 - User command "exit".
2017-01-04 11:39:15 DEBUG main ApacheCliParser:parse:44 - Return com.sysgears.core.input.InputDataHolder
2017-01-04 11:39:15 DEBUG main ApacheCliParser:parse:25 - Starts with parameter java.lang.String[] which includes [-c, split, -p, /home/yevgen/IdeaProjects/FileFragmetation/core/src/test/resources/file.bmp, -s, 1M]
2017-01-04 11:39:15 DEBUG main InputDataHolder:<init>:28 - Create InputDataHolder with param class org.apache.commons.cli.CommandLine.
2017-01-04 11:39:15 DEBUG main InputDataHolder:<init>:61 - User command "split". User's file object "file.bmp". Size of file part = 1000000 bytes.
2017-01-04 11:39:15 DEBUG main ApacheCliParser:parse:44 - Return com.sysgears.core.input.InputDataHolder
2017-01-04 11:39:15 DEBUG main ApacheCliParser:parse:25 - Starts with parameter java.lang.String[] which includes [-c, join, -p, /home/yevgen/IdeaProjects/FileFragmetation/core/src/test/resources/file.bmp, -s, 1K]
2017-01-04 11:39:15 DEBUG main InputDataHolder:<init>:28 - Create InputDataHolder with param class org.apache.commons.cli.CommandLine.
2017-01-04 11:39:15 DEBUG main InputDataHolder:<init>:61 - User command "join". User's file object "file.bmp". Size of file part = 1000 bytes.
2017-01-04 11:39:15 DEBUG main ApacheCliParser:parse:44 - Return com.sysgears.core.input.InputDataHolder
2017-01-04 11:39:15 DEBUG main ApacheCliParser:parse:25 - Starts with parameter java.lang.String[] which includes [-c, sffsdf, -p, /home/yevgen/IdeaProjects/FileFragmetation/core/src/test/resources/file.bmp, -s, 1M]
2017-01-04 11:39:15 DEBUG main InputDataHolder:<init>:28 - Create InputDataHolder with param class org.apache.commons.cli.CommandLine.
2017-01-04 11:39:15 WARN  main InputDataHolder:<init>:33 - Command 'sffsdf' is not supported
2017-01-04 11:39:15 DEBUG main ApacheCliParser:parse:25 - Starts with parameter java.lang.String[] which includes [-c, split, -p, /wrong_file_path/file.bmp, -s, 1M]
2017-01-04 11:39:15 DEBUG main InputDataHolder:<init>:28 - Create InputDataHolder with param class org.apache.commons.cli.CommandLine.
2017-01-04 11:39:15 WARN  main InputDataHolder:<init>:40 - Incorrect path name "/wrong_file_path/file.bmp".
2017-01-04 11:39:15 DEBUG main ApacheCliParser:parse:25 - Starts with parameter java.lang.String[] which includes [-c, split, -p, /home/yevgen/IdeaProjects/FileFragmetation/core/src/test/resources/file.bmp, -s, 1B]
2017-01-04 11:39:15 DEBUG main InputDataHolder:<init>:28 - Create InputDataHolder with param class org.apache.commons.cli.CommandLine.
2017-01-04 11:39:15 WARN  main InputDataHolder:<init>:55 - Incorrect number format "1B".
2017-01-04 11:42:30 DEBUG main Command:getCommandByValue:127 - Create Command "exit".
2017-01-04 11:42:30 DEBUG main Command:getCommandByValue:127 - Create Command "eXiT".
2017-01-04 11:42:30 DEBUG main Command:getCommandByValue:127 - Create Command "split".
2017-01-04 11:42:30 DEBUG main Command:getCommandByValue:127 - Create Command "join".
2017-01-04 11:42:30 DEBUG main ApacheCliParser:parse:25 - Starts with parameter java.lang.String[] which includes [-c, exit]
2017-01-04 11:42:30 DEBUG main InputDataHolder:<init>:28 - Create InputDataHolder with param class org.apache.commons.cli.CommandLine.
2017-01-04 11:42:30 DEBUG main InputDataHolder:<init>:67 - User command "exit".
2017-01-04 11:42:30 DEBUG main ApacheCliParser:parse:44 - Return com.sysgears.core.input.InputDataHolder
2017-01-04 11:42:30 DEBUG main ApacheCliParser:parse:25 - Starts with parameter java.lang.String[] which includes [-c, split, -p, /home/yevgen/IdeaProjects/FileFragmetation/core/src/test/resources/file.bmp, -s, 1M]
2017-01-04 11:42:30 DEBUG main InputDataHolder:<init>:28 - Create InputDataHolder with param class org.apache.commons.cli.CommandLine.
2017-01-04 11:42:30 DEBUG main InputDataHolder:<init>:61 - User command "split". User's file object "file.bmp". Size of file part = 1000000 bytes.
2017-01-04 11:42:30 DEBUG main ApacheCliParser:parse:44 - Return com.sysgears.core.input.InputDataHolder
2017-01-04 11:42:30 DEBUG main ApacheCliParser:parse:25 - Starts with parameter java.lang.String[] which includes [-c, join, -p, /home/yevgen/IdeaProjects/FileFragmetation/core/src/test/resources/file.bmp, -s, 1K]
2017-01-04 11:42:30 DEBUG main InputDataHolder:<init>:28 - Create InputDataHolder with param class org.apache.commons.cli.CommandLine.
2017-01-04 11:42:30 DEBUG main InputDataHolder:<init>:61 - User command "join". User's file object "file.bmp". Size of file part = 1000 bytes.
2017-01-04 11:42:30 DEBUG main ApacheCliParser:parse:44 - Return com.sysgears.core.input.InputDataHolder
2017-01-04 11:42:30 DEBUG main ApacheCliParser:parse:25 - Starts with parameter java.lang.String[] which includes [-c, sffsdf, -p, /home/yevgen/IdeaProjects/FileFragmetation/core/src/test/resources/file.bmp, -s, 1M]
2017-01-04 11:42:30 DEBUG main InputDataHolder:<init>:28 - Create InputDataHolder with param class org.apache.commons.cli.CommandLine.
2017-01-04 11:42:30 WARN  main InputDataHolder:<init>:33 - Command 'sffsdf' is not supported
2017-01-04 11:42:30 DEBUG main ApacheCliParser:parse:25 - Starts with parameter java.lang.String[] which includes [-c, split, -p, /wrong_file_path/file.bmp, -s, 1M]
2017-01-04 11:42:30 DEBUG main InputDataHolder:<init>:28 - Create InputDataHolder with param class org.apache.commons.cli.CommandLine.
2017-01-04 11:42:30 WARN  main InputDataHolder:<init>:40 - Incorrect path name "/wrong_file_path/file.bmp".
2017-01-04 11:42:30 DEBUG main ApacheCliParser:parse:25 - Starts with parameter java.lang.String[] which includes [-c, split, -p, /home/yevgen/IdeaProjects/FileFragmetation/core/src/test/resources/file.bmp, -s, 1B]
2017-01-04 11:42:30 DEBUG main InputDataHolder:<init>:28 - Create InputDataHolder with param class org.apache.commons.cli.CommandLine.
2017-01-04 11:42:30 WARN  main InputDataHolder:<init>:55 - Incorrect number format "1B".
2017-01-04 11:43:03 DEBUG main Command:getCommandByValue:127 - Create Command "exit".
2017-01-04 11:43:03 DEBUG main Command:getCommandByValue:127 - Create Command "eXiT".
2017-01-04 11:43:03 DEBUG main Command:getCommandByValue:127 - Create Command "split".
2017-01-04 11:43:03 DEBUG main Command:getCommandByValue:127 - Create Command "join".
2017-01-04 11:43:03 DEBUG main ApacheCliParser:parse:25 - Starts with parameter java.lang.String[] which includes [-c, exit]
2017-01-04 11:43:03 DEBUG main InputDataHolder:<init>:28 - Create InputDataHolder with param class org.apache.commons.cli.CommandLine.
2017-01-04 11:43:03 DEBUG main InputDataHolder:<init>:67 - User command "exit".
2017-01-04 11:43:03 DEBUG main ApacheCliParser:parse:44 - Return com.sysgears.core.input.InputDataHolder
2017-01-04 11:43:03 DEBUG main ApacheCliParser:parse:25 - Starts with parameter java.lang.String[] which includes [-c, split, -p, /home/yevgen/IdeaProjects/FileFragmetation/core/src/test/resources/file.bmp, -s, 1M]
2017-01-04 11:43:03 DEBUG main InputDataHolder:<init>:28 - Create InputDataHolder with param class org.apache.commons.cli.CommandLine.
2017-01-04 11:43:03 DEBUG main InputDataHolder:<init>:61 - User command "split". User's file object "file.bmp". Size of file part = 1000000 bytes.
2017-01-04 11:43:03 DEBUG main ApacheCliParser:parse:44 - Return com.sysgears.core.input.InputDataHolder
2017-01-04 11:43:03 DEBUG main ApacheCliParser:parse:25 - Starts with parameter java.lang.String[] which includes [-c, join, -p, /home/yevgen/IdeaProjects/FileFragmetation/core/src/test/resources/file.bmp, -s, 1K]
2017-01-04 11:43:03 DEBUG main InputDataHolder:<init>:28 - Create InputDataHolder with param class org.apache.commons.cli.CommandLine.
2017-01-04 11:43:03 DEBUG main InputDataHolder:<init>:61 - User command "join". User's file object "file.bmp". Size of file part = 1000 bytes.
2017-01-04 11:43:03 DEBUG main ApacheCliParser:parse:44 - Return com.sysgears.core.input.InputDataHolder
2017-01-04 11:43:03 DEBUG main ApacheCliParser:parse:25 - Starts with parameter java.lang.String[] which includes [-c, sffsdf, -p, /home/yevgen/IdeaProjects/FileFragmetation/core/src/test/resources/file.bmp, -s, 1M]
2017-01-04 11:43:03 DEBUG main InputDataHolder:<init>:28 - Create InputDataHolder with param class org.apache.commons.cli.CommandLine.
2017-01-04 11:43:03 WARN  main InputDataHolder:<init>:33 - Command 'sffsdf' is not supported
2017-01-04 11:43:03 DEBUG main ApacheCliParser:parse:25 - Starts with parameter java.lang.String[] which includes [-c, split, -p, /wrong_file_path/file.bmp, -s, 1M]
2017-01-04 11:43:03 DEBUG main InputDataHolder:<init>:28 - Create InputDataHolder with param class org.apache.commons.cli.CommandLine.
2017-01-04 11:43:03 WARN  main InputDataHolder:<init>:40 - Incorrect path name "/wrong_file_path/file.bmp".
2017-01-04 11:43:03 DEBUG main ApacheCliParser:parse:25 - Starts with parameter java.lang.String[] which includes [-c, split, -p, /home/yevgen/IdeaProjects/FileFragmetation/core/src/test/resources/file.bmp, -s, 1B]
2017-01-04 11:43:03 DEBUG main InputDataHolder:<init>:28 - Create InputDataHolder with param class org.apache.commons.cli.CommandLine.
2017-01-04 11:43:03 WARN  main InputDataHolder:<init>:55 - Incorrect number format "1B".
